[35m[1mScanning dependencies of target _anm_msgs_generate_messages_check_deps_V2XVehicle[0m
[35m[1mScanning dependencies of target _anm_msgs_generate_messages_check_deps_SpiralPath[0m
[35m[1mScanning dependencies of target std_msgs_generate_messages_cpp[0m
[35m[1mScanning dependencies of target _anm_msgs_generate_messages_check_deps_DynamicObstacle[0m
[  0%] Built target std_msgs_generate_messages_cpp
[  0%] Built target _anm_msgs_generate_messages_check_deps_SpiralPath
[35m[1mScanning dependencies of target _anm_msgs_generate_messages_check_deps_SystemState[0m
[35m[1mScanning dependencies of target geometry_msgs_generate_messages_cpp[0m
[  0%] Built target _anm_msgs_generate_messages_check_deps_DynamicObstacle
[  0%] Built target _anm_msgs_generate_messages_check_deps_V2XVehicle
[  0%] Built target geometry_msgs_generate_messages_cpp
[35m[1mScanning dependencies of target _anm_msgs_generate_messages_check_deps_V2XStopSign[0m
[35m[1mScanning dependencies of target dbw_mkz_msgs_generate_messages_cpp[0m
[35m[1mScanning dependencies of target _anm_msgs_generate_messages_check_deps_VehicleState[0m
[  0%] Built target dbw_mkz_msgs_generate_messages_cpp
[  0%] Built target _anm_msgs_generate_messages_check_deps_SystemState
[35m[1mScanning dependencies of target _anm_msgs_generate_messages_check_deps_ShuttleRequest[0m
[35m[1mScanning dependencies of target _anm_msgs_generate_messages_check_deps_V2XVehicleList[0m
[  0%] Built target _anm_msgs_generate_messages_check_deps_V2XStopSign
[  0%] Built target _anm_msgs_generate_messages_check_deps_VehicleState
[35m[1mScanning dependencies of target _anm_msgs_generate_messages_check_deps_V2XTrafficLightList[0m
[  0%] Built target _anm_msgs_generate_messages_check_deps_ShuttleRequest
[35m[1mScanning dependencies of target _anm_msgs_generate_messages_check_deps_DynamicObstacleList[0m
[35m[1mScanning dependencies of target _anm_msgs_generate_messages_check_deps_CommandCheckingReport[0m
[  0%] Built target _anm_msgs_generate_messages_check_deps_V2XTrafficLightList
[  0%] Built target _anm_msgs_generate_messages_check_deps_V2XVehicleList
[35m[1mScanning dependencies of target _anm_msgs_generate_messages_check_deps_PathState[0m
[  0%] Built target _anm_msgs_generate_messages_check_deps_DynamicObstacleList
[35m[1mScanning dependencies of target _anm_msgs_generate_messages_check_deps_HMIReport[0m
[35m[1mScanning dependencies of target _anm_msgs_generate_messages_check_deps_V2XTrafficLight[0m
[  0%] Built target _anm_msgs_generate_messages_check_deps_CommandCheckingReport
[35m[1mScanning dependencies of target _anm_msgs_generate_messages_check_deps_V2XStopSignList[0m
[  0%] Built target _anm_msgs_generate_messages_check_deps_PathState
[35m[1mScanning dependencies of target _anm_msgs_generate_messages_check_deps_NearestAnmWaypoint[0m
[  0%] Built target _anm_msgs_generate_messages_check_deps_V2XTrafficLight
[  0%] Built target _anm_msgs_generate_messages_check_deps_HMIReport
[35m[1mScanning dependencies of target dbw_mkz_msgs_generate_messages_py[0m
[  0%] Built target _anm_msgs_generate_messages_check_deps_V2XStopSignList
[35m[1mScanning dependencies of target std_msgs_generate_messages_py[0m
[  0%] Built target dbw_mkz_msgs_generate_messages_py
[  0%] Built target std_msgs_generate_messages_py
[35m[1mScanning dependencies of target geometry_msgs_generate_messages_nodejs[0m
[35m[1mScanning dependencies of target geometry_msgs_generate_messages_py[0m
[35m[1mScanning dependencies of target std_msgs_generate_messages_nodejs[0m
[  0%] Built target geometry_msgs_generate_messages_nodejs
[  0%] Built target _anm_msgs_generate_messages_check_deps_NearestAnmWaypoint
[  0%] Built target std_msgs_generate_messages_nodejs
[  0%] Built target geometry_msgs_generate_messages_py
[35m[1mScanning dependencies of target dbw_mkz_msgs_generate_messages_nodejs[0m
[35m[1mScanning dependencies of target geometry_msgs_generate_messages_lisp[0m
[  0%] Built target dbw_mkz_msgs_generate_messages_nodejs
[35m[1mScanning dependencies of target dbw_mkz_msgs_generate_messages_lisp[0m
[35m[1mScanning dependencies of target std_msgs_generate_messages_lisp[0m
[35m[1mScanning dependencies of target geometry_msgs_generate_messages_eus[0m
[  0%] Built target geometry_msgs_generate_messages_lisp
[  0%] Built target dbw_mkz_msgs_generate_messages_lisp
[  0%] Built target std_msgs_generate_messages_lisp
[35m[1mScanning dependencies of target dbw_mkz_msgs_generate_messages_eus[0m
[  0%] Built target geometry_msgs_generate_messages_eus
[35m[1mScanning dependencies of target std_msgs_generate_messages_eus[0m
[  0%] Built target dbw_mkz_msgs_generate_messages_eus
[35m[1mScanning dependencies of target anm_msgs_generate_messages_cpp[0m
[35m[1mScanning dependencies of target anm_msgs_generate_messages_py[0m
[35m[1mScanning dependencies of target anm_msgs_generate_messages_nodejs[0m
[  0%] Built target std_msgs_generate_messages_eus
[  1%] [34m[1mGenerating C++ code from anm_msgs/SystemState.msg[0m
[  2%] [34m[1mGenerating Python from MSG anm_msgs/SystemState[0m
[  3%] [34m[1mGenerating Javascript code from anm_msgs/SystemState.msg[0m
[35m[1mScanning dependencies of target anm_msgs_generate_messages_lisp[0m
[  4%] [34m[1mGenerating Lisp code from anm_msgs/SystemState.msg[0m
[  6%] [34m[1mGenerating Javascript code from anm_msgs/V2XTrafficLightList.msg[0m
[  7%] [34m[1mGenerating Lisp code from anm_msgs/V2XTrafficLightList.msg[0m
[  8%] [34m[1mGenerating Javascript code from anm_msgs/V2XVehicle.msg[0m
[ 10%] [34m[1mGenerating Python from MSG anm_msgs/V2XTrafficLightList[0m
[ 10%] [34m[1mGenerating Lisp code from anm_msgs/V2XVehicle.msg[0m
[ 12%] [34m[1mGenerating C++ code from anm_msgs/V2XTrafficLightList.msg[0m
[ 13%] [34m[1mGenerating Javascript code from anm_msgs/CommandCheckingReport.msg[0m
[ 14%] [34m[1mGenerating Lisp code from anm_msgs/CommandCheckingReport.msg[0m
[ 15%] [34m[1mGenerating Javascript code from anm_msgs/HMIReport.msg[0m
[ 17%] [34m[1mGenerating Lisp code from anm_msgs/HMIReport.msg[0m
[ 18%] [34m[1mGenerating Python from MSG anm_msgs/V2XVehicle[0m
[ 19%] [34m[1mGenerating Javascript code from anm_msgs/V2XTrafficLight.msg[0m
[ 20%] [34m[1mGenerating C++ code from anm_msgs/V2XVehicle.msg[0m
[ 21%] [34m[1mGenerating Lisp code from anm_msgs/V2XTrafficLight.msg[0m
[ 23%] [34m[1mGenerating Javascript code from anm_msgs/V2XStopSign.msg[0m
[ 24%] [34m[1mGenerating Lisp code from anm_msgs/V2XStopSign.msg[0m
[ 25%] [34m[1mGenerating Javascript code from anm_msgs/DynamicObstacle.msg[0m
[ 26%] [34m[1mGenerating Python from MSG anm_msgs/CommandCheckingReport[0m
[ 28%] [34m[1mGenerating Lisp code from anm_msgs/DynamicObstacle.msg[0m
[ 29%] [34m[1mGenerating Javascript code from anm_msgs/PathState.msg[0m
[ 30%] [34m[1mGenerating C++ code from anm_msgs/CommandCheckingReport.msg[0m
[ 31%] [34m[1mGenerating Lisp code from anm_msgs/PathState.msg[0m
[ 32%] [34m[1mGenerating Javascript code from anm_msgs/ShuttleRequest.msg[0m
[ 34%] [34m[1mGenerating Lisp code from anm_msgs/ShuttleRequest.msg[0m
[ 35%] [34m[1mGenerating Javascript code from anm_msgs/DynamicObstacleList.msg[0m
[ 36%] [34m[1mGenerating Python from MSG anm_msgs/HMIReport[0m
[ 37%] [34m[1mGenerating Lisp code from anm_msgs/DynamicObstacleList.msg[0m
[ 39%] [34m[1mGenerating Javascript code from anm_msgs/V2XStopSignList.msg[0m
[ 40%] [34m[1mGenerating C++ code from anm_msgs/HMIReport.msg[0m
[ 41%] [34m[1mGenerating Lisp code from anm_msgs/V2XStopSignList.msg[0m
[ 42%] [34m[1mGenerating Javascript code from anm_msgs/VehicleState.msg[0m
[ 43%] [34m[1mGenerating Python from MSG anm_msgs/V2XTrafficLight[0m
[ 45%] [34m[1mGenerating Lisp code from anm_msgs/VehicleState.msg[0m
[ 46%] [34m[1mGenerating Javascript code from anm_msgs/SpiralPath.msg[0m
[ 47%] [34m[1mGenerating Lisp code from anm_msgs/SpiralPath.msg[0m
[ 48%] [34m[1mGenerating C++ code from anm_msgs/V2XTrafficLight.msg[0m
[ 50%] [34m[1mGenerating Javascript code from anm_msgs/V2XVehicleList.msg[0m
[ 51%] [34m[1mGenerating Lisp code from anm_msgs/V2XVehicleList.msg[0m
[ 52%] [34m[1mGenerating Python from MSG anm_msgs/V2XStopSign[0m
[ 53%] [34m[1mGenerating Javascript code from anm_msgs/NearestAnmWaypoint.msg[0m
[ 54%] [34m[1mGenerating Lisp code from anm_msgs/NearestAnmWaypoint.msg[0m
[ 54%] Built target anm_msgs_generate_messages_nodejs
[35m[1mScanning dependencies of target anm_msgs_generate_messages_eus[0m
[ 56%] [34m[1mGenerating EusLisp code from anm_msgs/SystemState.msg[0m
[ 56%] Built target anm_msgs_generate_messages_lisp
[ 57%] [34m[1mGenerating EusLisp code from anm_msgs/V2XTrafficLightList.msg[0m
[ 58%] [34m[1mGenerating C++ code from anm_msgs/V2XStopSign.msg[0m
[ 59%] [34m[1mGenerating Python from MSG anm_msgs/DynamicObstacle[0m
[ 60%] [34m[1mGenerating Python from MSG anm_msgs/PathState[0m
[ 62%] [34m[1mGenerating EusLisp code from anm_msgs/V2XVehicle.msg[0m
[ 64%] [34m[1mGenerating C++ code from anm_msgs/DynamicObstacle.msg[0m
[ 64%] [34m[1mGenerating EusLisp code from anm_msgs/CommandCheckingReport.msg[0m
[ 65%] [34m[1mGenerating Python from MSG anm_msgs/DynamicObstacleList[0m
[ 67%] [34m[1mGenerating Python from MSG anm_msgs/ShuttleRequest[0m
[ 68%] [34m[1mGenerating EusLisp code from anm_msgs/HMIReport.msg[0m
[ 69%] [34m[1mGenerating C++ code from anm_msgs/PathState.msg[0m
[ 70%] [34m[1mGenerating EusLisp code from anm_msgs/V2XTrafficLight.msg[0m
[ 71%] [34m[1mGenerating Python from MSG anm_msgs/VehicleState[0m
[ 73%] [34m[1mGenerating Python from MSG anm_msgs/V2XStopSignList[0m
[ 74%] [34m[1mGenerating EusLisp code from anm_msgs/V2XStopSign.msg[0m
[ 75%] [34m[1mGenerating C++ code from anm_msgs/ShuttleRequest.msg[0m
[ 76%] [34m[1mGenerating EusLisp code from anm_msgs/DynamicObstacle.msg[0m
[ 78%] [34m[1mGenerating Python from MSG anm_msgs/SpiralPath[0m
[ 79%] [34m[1mGenerating Python from MSG anm_msgs/V2XVehicleList[0m
[ 80%] [34m[1mGenerating EusLisp code from anm_msgs/PathState.msg[0m
[ 81%] [34m[1mGenerating C++ code from anm_msgs/DynamicObstacleList.msg[0m
[ 82%] [34m[1mGenerating Python from MSG anm_msgs/NearestAnmWaypoint[0m
[ 84%] [34m[1mGenerating EusLisp code from anm_msgs/ShuttleRequest.msg[0m
[ 85%] [34m[1mGenerating EusLisp code from anm_msgs/DynamicObstacleList.msg[0m
[ 86%] [34m[1mGenerating EusLisp code from anm_msgs/V2XStopSignList.msg[0m
[ 87%] [34m[1mGenerating Python msg __init__.py for anm_msgs[0m
[ 89%] [34m[1mGenerating EusLisp code from anm_msgs/VehicleState.msg[0m
[ 90%] [34m[1mGenerating C++ code from anm_msgs/V2XStopSignList.msg[0m
[ 91%] [34m[1mGenerating EusLisp code from anm_msgs/SpiralPath.msg[0m
[ 92%] [34m[1mGenerating EusLisp code from anm_msgs/V2XVehicleList.msg[0m
[ 93%] [34m[1mGenerating EusLisp code from anm_msgs/NearestAnmWaypoint.msg[0m
[ 93%] Built target anm_msgs_generate_messages_py
[ 95%] [34m[1mGenerating EusLisp manifest code for anm_msgs[0m
[ 96%] [34m[1mGenerating C++ code from anm_msgs/VehicleState.msg[0m
[ 97%] [34m[1mGenerating C++ code from anm_msgs/SpiralPath.msg[0m
[ 98%] [34m[1mGenerating C++ code from anm_msgs/V2XVehicleList.msg[0m
[100%] [34m[1mGenerating C++ code from anm_msgs/NearestAnmWaypoint.msg[0m
[100%] Built target anm_msgs_generate_messages_cpp
[100%] Built target anm_msgs_generate_messages_eus
[35m[1mScanning dependencies of target anm_msgs_generate_messages[0m
[100%] Built target anm_msgs_generate_messages
