[  0%] Built target _anm_msgs_generate_messages_check_deps_SpiralPath
[  0%] Built target _anm_msgs_generate_messages_check_deps_DynamicObstacle
[  0%] Built target _anm_msgs_generate_messages_check_deps_V2XVehicle
[  0%] Built target std_msgs_generate_messages_cpp
[  0%] Built target _anm_msgs_generate_messages_check_deps_SystemState
[  0%] Built target geometry_msgs_generate_messages_cpp
[  0%] Built target dbw_mkz_msgs_generate_messages_cpp
[  0%] Built target _anm_msgs_generate_messages_check_deps_V2XStopSign
[  0%] Built target _anm_msgs_generate_messages_check_deps_VehicleState
[  0%] Built target _anm_msgs_generate_messages_check_deps_ShuttleRequest
[  0%] Built target _anm_msgs_generate_messages_check_deps_V2XVehicleList
[  0%] Built target _anm_msgs_generate_messages_check_deps_V2XTrafficLightList
[  0%] Built target _anm_msgs_generate_messages_check_deps_CommandCheckingReport
[  0%] Built target _anm_msgs_generate_messages_check_deps_DynamicObstacleList
[  0%] Built target _anm_msgs_generate_messages_check_deps_PathState
[  0%] Built target _anm_msgs_generate_messages_check_deps_HMIReport
[  0%] Built target _anm_msgs_generate_messages_check_deps_V2XTrafficLight
[  0%] Built target _anm_msgs_generate_messages_check_deps_V2XStopSignList
[  0%] Built target _anm_msgs_generate_messages_check_deps_NearestAnmWaypoint
[  0%] Built target dbw_mkz_msgs_generate_messages_py
[  0%] Built target std_msgs_generate_messages_py
[  0%] Built target geometry_msgs_generate_messages_py
[  0%] Built target geometry_msgs_generate_messages_nodejs
[  0%] Built target std_msgs_generate_messages_nodejs
[  0%] Built target dbw_mkz_msgs_generate_messages_lisp
[  0%] Built target dbw_mkz_msgs_generate_messages_nodejs
[  0%] Built target std_msgs_generate_messages_lisp
[  0%] Built target geometry_msgs_generate_messages_lisp
[  0%] Built target geometry_msgs_generate_messages_eus
[  0%] Built target std_msgs_generate_messages_eus
[  0%] Built target dbw_mkz_msgs_generate_messages_eus
[ 19%] Built target anm_msgs_generate_messages_cpp
[ 40%] Built target anm_msgs_generate_messages_py
[ 59%] Built target anm_msgs_generate_messages_nodejs
[ 79%] Built target anm_msgs_generate_messages_lisp
[100%] Built target anm_msgs_generate_messages_eus
[100%] Built target anm_msgs_generate_messages
