Determining if the pthread_create exist failed with the following output:
Change Dir: /home/sundong/Exploring/localplanning/ros_navigation_stack_vrep_simulation/build/amcl/CMakeFiles/CMakeTmp

Run Build Command:"/usr/bin/make" "cmTC_f101b/fast"
/usr/bin/make -f CMakeFiles/cmTC_f101b.dir/build.make CMakeFiles/cmTC_f101b.dir/build
make[1]: Entering directory '/home/sundong/Exploring/localplanning/ros_navigation_stack_vrep_simulation/build/amcl/CMakeFiles/CMakeTmp'
Building C object CMakeFiles/cmTC_f101b.dir/CheckSymbolExists.c.o
/usr/bin/cc     -o CMakeFiles/cmTC_f101b.dir/CheckSymbolExists.c.o   -c /home/sundong/Exploring/localplanning/ros_navigation_stack_vrep_simulation/build/amcl/CMakeFiles/CMakeTmp/CheckSymbolExists.c
Linking C executable cmTC_f101b
/usr/bin/cmake -E cmake_link_script CMakeFiles/cmTC_f101b.dir/link.txt --verbose=1
/usr/bin/cc       CMakeFiles/cmTC_f101b.dir/CheckSymbolExists.c.o  -o cmTC_f101b -rdynamic 
CMakeFiles/cmTC_f101b.dir/CheckSymbolExists.c.o：在函数‘main’中：
CheckSymbolExists.c:(.text+0x16)：对‘pthread_create’未定义的引用
collect2: error: ld returned 1 exit status
CMakeFiles/cmTC_f101b.dir/build.make:97: recipe for target 'cmTC_f101b' failed
make[1]: *** [cmTC_f101b] Error 1
make[1]: Leaving directory '/home/sundong/Exploring/localplanning/ros_navigation_stack_vrep_simulation/build/amcl/CMakeFiles/CMakeTmp'
Makefile:126: recipe for target 'cmTC_f101b/fast' failed
make: *** [cmTC_f101b/fast] Error 2

File /home/sundong/Exploring/localplanning/ros_navigation_stack_vrep_simulation/build/amcl/CMakeFiles/CMakeTmp/CheckSymbolExists.c:
/* */
#include <pthread.h>

int main(int argc, char** argv)
{
  (void)argv;
#ifndef pthread_create
  return ((int*)(&pthread_create))[argc];
#else
  (void)argc;
  return 0;
#endif
}

Determining if the function pthread_create exists in the pthreads failed with the following output:
Change Dir: /home/sundong/Exploring/localplanning/ros_navigation_stack_vrep_simulation/build/amcl/CMakeFiles/CMakeTmp

Run Build Command:"/usr/bin/make" "cmTC_a97eb/fast"
/usr/bin/make -f CMakeFiles/cmTC_a97eb.dir/build.make CMakeFiles/cmTC_a97eb.dir/build
make[1]: Entering directory '/home/sundong/Exploring/localplanning/ros_navigation_stack_vrep_simulation/build/amcl/CMakeFiles/CMakeTmp'
Building C object CMakeFiles/cmTC_a97eb.dir/CheckFunctionExists.c.o
/usr/bin/cc    -DCHECK_FUNCTION_EXISTS=pthread_create   -o CMakeFiles/cmTC_a97eb.dir/CheckFunctionExists.c.o   -c /usr/share/cmake-3.5/Modules/CheckFunctionExists.c
Linking C executable cmTC_a97eb
/usr/bin/cmake -E cmake_link_script CMakeFiles/cmTC_a97eb.dir/link.txt --verbose=1
/usr/bin/cc   -DCHECK_FUNCTION_EXISTS=pthread_create    CMakeFiles/cmTC_a97eb.dir/CheckFunctionExists.c.o  -o cmTC_a97eb -rdynamic -lpthreads 
/usr/bin/ld: 找不到 -lpthreads
collect2: error: ld returned 1 exit status
CMakeFiles/cmTC_a97eb.dir/build.make:97: recipe for target 'cmTC_a97eb' failed
make[1]: *** [cmTC_a97eb] Error 1
make[1]: Leaving directory '/home/sundong/Exploring/localplanning/ros_navigation_stack_vrep_simulation/build/amcl/CMakeFiles/CMakeTmp'
Makefile:126: recipe for target 'cmTC_a97eb/fast' failed
make: *** [cmTC_a97eb/fast] Error 2


