[35m[1mScanning dependencies of target anm_msgs_generate_messages_py[0m
[35m[1mScanning dependencies of target actionlib_msgs_generate_messages_lisp[0m
[  0%] Built target anm_msgs_generate_messages_py
[  0%] Built target actionlib_msgs_generate_messages_lisp
[35m[1mScanning dependencies of target anm_msgs_generate_messages_nodejs[0m
[35m[1mScanning dependencies of target anm_msgs_generate_messages_lisp[0m
[  0%] Built target anm_msgs_generate_messages_nodejs
[  0%] Built target anm_msgs_generate_messages_lisp
[35m[1mScanning dependencies of target anm_msgs_generate_messages_eus[0m
[35m[1mScanning dependencies of target dbw_mkz_msgs_generate_messages_py[0m
[  0%] Built target anm_msgs_generate_messages_eus
[35m[1mScanning dependencies of target dbw_mkz_msgs_generate_messages_lisp[0m
[  0%] Built target dbw_mkz_msgs_generate_messages_py
[35m[1mScanning dependencies of target dbw_mkz_msgs_generate_messages_eus[0m
[  0%] Built target dbw_mkz_msgs_generate_messages_eus
[  0%] Built target dbw_mkz_msgs_generate_messages_lisp
[35m[1mScanning dependencies of target dbw_mkz_msgs_generate_messages_cpp[0m
[35m[1mScanning dependencies of target tf2_msgs_generate_messages_nodejs[0m
[  0%] Built target dbw_mkz_msgs_generate_messages_cpp
[  0%] Built target tf2_msgs_generate_messages_nodejs
[35m[1mScanning dependencies of target tf2_msgs_generate_messages_eus[0m
[35m[1mScanning dependencies of target tf2_msgs_generate_messages_lisp[0m
[  0%] Built target tf2_msgs_generate_messages_lisp
[35m[1mScanning dependencies of target sensor_msgs_generate_messages_cpp[0m
[  0%] Built target tf2_msgs_generate_messages_eus
[  0%] Built target sensor_msgs_generate_messages_cpp
[35m[1mScanning dependencies of target std_msgs_generate_messages_eus[0m
[35m[1mScanning dependencies of target roscpp_generate_messages_lisp[0m
[  0%] Built target roscpp_generate_messages_lisp
[  0%] Built target std_msgs_generate_messages_eus
[35m[1mScanning dependencies of target std_msgs_generate_messages_py[0m
[35m[1mScanning dependencies of target rosgraph_msgs_generate_messages_lisp[0m
[  0%] Built target std_msgs_generate_messages_py
[  0%] Built target rosgraph_msgs_generate_messages_lisp
[35m[1mScanning dependencies of target roscpp_generate_messages_nodejs[0m
[35m[1mScanning dependencies of target tf_generate_messages_eus[0m
[  0%] Built target roscpp_generate_messages_nodejs
[  0%] Built target tf_generate_messages_eus
[35m[1mScanning dependencies of target rosgraph_msgs_generate_messages_nodejs[0m
[  0%] Built target rosgraph_msgs_generate_messages_nodejs
[35m[1mScanning dependencies of target rosgraph_msgs_generate_messages_cpp[0m
[  0%] Built target rosgraph_msgs_generate_messages_cpp
[35m[1mScanning dependencies of target tf2_msgs_generate_messages_cpp[0m
[35m[1mScanning dependencies of target std_msgs_generate_messages_lisp[0m
[  0%] Built target tf2_msgs_generate_messages_cpp
[  0%] Built target std_msgs_generate_messages_lisp
[35m[1mScanning dependencies of target geometry_msgs_generate_messages_lisp[0m
[35m[1mScanning dependencies of target roscpp_generate_messages_eus[0m
[  0%] Built target geometry_msgs_generate_messages_lisp
[  0%] Built target roscpp_generate_messages_eus
[35m[1mScanning dependencies of target roscpp_generate_messages_cpp[0m
[35m[1mScanning dependencies of target geometry_msgs_generate_messages_eus[0m
[  0%] Built target geometry_msgs_generate_messages_eus
[  0%] Built target roscpp_generate_messages_cpp
[35m[1mScanning dependencies of target actionlib_msgs_generate_messages_py[0m
[35m[1mScanning dependencies of target rosgraph_msgs_generate_messages_eus[0m
[  0%] Built target actionlib_msgs_generate_messages_py
[35m[1mScanning dependencies of target geometry_msgs_generate_messages_nodejs[0m
[  0%] Built target rosgraph_msgs_generate_messages_eus
[  0%] Built target geometry_msgs_generate_messages_nodejs
[35m[1mScanning dependencies of target tf_generate_messages_cpp[0m
[35m[1mScanning dependencies of target anm_msgs_generate_messages_cpp[0m
[35m[1mScanning dependencies of target actionlib_generate_messages_eus[0m
[  0%] Built target tf_generate_messages_cpp
[  0%] Built target anm_msgs_generate_messages_cpp
[  0%] Built target actionlib_generate_messages_eus
[35m[1mScanning dependencies of target sensor_msgs_generate_messages_lisp[0m
[35m[1mScanning dependencies of target sensor_msgs_generate_messages_nodejs[0m
[  0%] Built target sensor_msgs_generate_messages_lisp
[  0%] Built target sensor_msgs_generate_messages_nodejs
[35m[1mScanning dependencies of target geometry_msgs_generate_messages_cpp[0m
[35m[1mScanning dependencies of target std_msgs_generate_messages_nodejs[0m
[35m[1mScanning dependencies of target geometry_msgs_generate_messages_py[0m
[  0%] Built target geometry_msgs_generate_messages_cpp
[  0%] Built target std_msgs_generate_messages_nodejs
[  0%] Built target geometry_msgs_generate_messages_py
[35m[1mScanning dependencies of target rosgraph_msgs_generate_messages_py[0m
[35m[1mScanning dependencies of target roscpp_generate_messages_py[0m
[35m[1mScanning dependencies of target tf_generate_messages_lisp[0m
[  0%] Built target roscpp_generate_messages_py
[  0%] Built target rosgraph_msgs_generate_messages_py
[  0%] Built target tf_generate_messages_lisp
[35m[1mScanning dependencies of target tf_generate_messages_nodejs[0m
[35m[1mScanning dependencies of target dbw_mkz_msgs_generate_messages_nodejs[0m
[35m[1mScanning dependencies of target tf_generate_messages_py[0m
[  0%] Built target tf_generate_messages_nodejs
[  0%] Built target tf_generate_messages_py
[  0%] Built target dbw_mkz_msgs_generate_messages_nodejs
[35m[1mScanning dependencies of target sensor_msgs_generate_messages_py[0m
[35m[1mScanning dependencies of target actionlib_generate_messages_cpp[0m
[35m[1mScanning dependencies of target tf2_msgs_generate_messages_py[0m
[  0%] Built target sensor_msgs_generate_messages_py
[  0%] Built target actionlib_generate_messages_cpp
[  0%] Built target tf2_msgs_generate_messages_py
[35m[1mScanning dependencies of target actionlib_msgs_generate_messages_nodejs[0m
[35m[1mScanning dependencies of target actionlib_msgs_generate_messages_eus[0m
[35m[1mScanning dependencies of target actionlib_generate_messages_lisp[0m
[  0%] Built target actionlib_msgs_generate_messages_eus
[  0%] Built target actionlib_msgs_generate_messages_nodejs
[  0%] Built target actionlib_generate_messages_lisp
[35m[1mScanning dependencies of target sensor_msgs_generate_messages_eus[0m
[35m[1mScanning dependencies of target actionlib_msgs_generate_messages_cpp[0m
[35m[1mScanning dependencies of target std_msgs_generate_messages_cpp[0m
[  0%] Built target sensor_msgs_generate_messages_eus
[  0%] Built target actionlib_msgs_generate_messages_cpp
[  0%] Built target std_msgs_generate_messages_cpp
[35m[1mScanning dependencies of target actionlib_generate_messages_nodejs[0m
[35m[1mScanning dependencies of target actionlib_generate_messages_py[0m
[  0%] Built target actionlib_generate_messages_nodejs
[  0%] Built target actionlib_generate_messages_py
[ 22%] [34m[1mGenerating generated/adv.cpp, generated/pub.cpp, generated/ros_msg_io.cpp, generated/ros_msg_io.h, generated/ros_srv_io.cpp, generated/ros_srv_io.h, generated/srvcall.cpp, generated/srvcli.cpp, generated/srvsrv.cpp, generated/sub.cpp[0m
[ 22%] [34m[1mGenerating generated/stubs.cpp, generated/stubs.h[0m
Getting msg definitions...
Getting definition of msg anm_msgs/CommandCheckingReport...
Getting definition of msg anm_msgs/DynamicObstacle...
Getting definition of msg anm_msgs/DynamicObstacleList...
Getting definition of msg anm_msgs/HMIReport...
Getting definition of msg anm_msgs/NearestAnmWaypoint...
Getting definition of msg anm_msgs/PathState...
Getting definition of msg anm_msgs/ShuttleRequest...
Getting definition of msg anm_msgs/SpiralPath...
Getting definition of msg anm_msgs/SystemState...
Getting definition of msg anm_msgs/V2XStopSign...
Getting definition of msg anm_msgs/V2XStopSignList...
Getting definition of msg anm_msgs/V2XTrafficLight...
Getting definition of msg anm_msgs/V2XTrafficLightList...
Getting definition of msg anm_msgs/V2XVehicle...
Getting definition of msg anm_msgs/V2XVehicleList...
Getting definition of msg anm_msgs/VehicleState...
Getting definition of msg control_msgs/JointControllerState...
Getting definition of msg control_msgs/JointTolerance...
Getting definition of msg dbw_mkz_msgs/AmbientLight...
Getting definition of msg dbw_mkz_msgs/BrakeCmd...
Getting definition of msg dbw_mkz_msgs/BrakeInfoReport...
Getting definition of msg dbw_mkz_msgs/BrakeReport...
Getting definition of msg dbw_mkz_msgs/FuelLevelReport...
Getting definition of msg dbw_mkz_msgs/Gear...
Getting definition of msg dbw_mkz_msgs/GearCmd...
Getting definition of msg dbw_mkz_msgs/GearReport...
Getting definition of msg dbw_mkz_msgs/HillStartAssist...
Getting definition of msg dbw_mkz_msgs/Misc1Report...
Getting definition of msg dbw_mkz_msgs/ParkingBrake...
Getting definition of msg dbw_mkz_msgs/SteeringCmd...
Getting definition of msg dbw_mkz_msgs/SteeringReport...
Getting definition of msg dbw_mkz_msgs/SurroundReport...
Getting definition of msg dbw_mkz_msgs/SuspensionReport...
Getting definition of msg dbw_mkz_msgs/ThrottleCmd...
Getting definition of msg dbw_mkz_msgs/ThrottleInfoReport...
Getting definition of msg dbw_mkz_msgs/ThrottleReport...
Getting definition of msg dbw_mkz_msgs/TirePressureReport...
Getting definition of msg dbw_mkz_msgs/TurnSignal...
Getting definition of msg dbw_mkz_msgs/TurnSignalCmd...
Getting definition of msg dbw_mkz_msgs/TwistCmd...
Getting definition of msg dbw_mkz_msgs/WatchdogCounter...
Getting definition of msg dbw_mkz_msgs/WheelSpeedReport...
Getting definition of msg dbw_mkz_msgs/Wiper...
Getting definition of msg diagnostic_msgs/DiagnosticArray...
Getting definition of msg diagnostic_msgs/DiagnosticStatus...
Getting definition of msg diagnostic_msgs/KeyValue...
Getting definition of msg driver_base/ConfigString...
WARNING: bad msg: driver_base/ConfigString
Getting definition of msg driver_base/ConfigValue...
WARNING: bad msg: driver_base/ConfigValue
Getting definition of msg driver_base/SensorLevels...
WARNING: bad msg: driver_base/SensorLevels
Getting definition of msg dynamic_reconfigure/BoolParameter...
Getting definition of msg dynamic_reconfigure/Config...
Getting definition of msg dynamic_reconfigure/ConfigDescription...
Getting definition of msg dynamic_reconfigure/DoubleParameter...
Getting definition of msg dynamic_reconfigure/Group...
Getting definition of msg dynamic_reconfigure/GroupState...
Getting definition of msg dynamic_reconfigure/IntParameter...
Getting definition of msg dynamic_reconfigure/ParamDescription...
Getting definition of msg dynamic_reconfigure/SensorLevels...
Getting definition of msg dynamic_reconfigure/StrParameter...
Getting definition of msg gazebo_msgs/ContactState...
Getting definition of msg gazebo_msgs/ContactsState...
Getting definition of msg gazebo_msgs/LinkState...
Getting definition of msg gazebo_msgs/LinkStates...
Getting definition of msg gazebo_msgs/ModelState...
Getting definition of msg gazebo_msgs/ModelStates...
Getting definition of msg gazebo_msgs/ODEJointProperties...
Getting definition of msg gazebo_msgs/ODEPhysics...
Getting definition of msg gazebo_msgs/WorldState...
Getting definition of msg geometry_msgs/Accel...
Getting definition of msg geometry_msgs/AccelStamped...
Getting definition of msg geometry_msgs/AccelWithCovariance...
Getting definition of msg geometry_msgs/AccelWithCovarianceStamped...
Getting definition of msg geometry_msgs/Inertia...
Getting definition of msg geometry_msgs/InertiaStamped...
Getting definition of msg geometry_msgs/Point...
Getting definition of msg geometry_msgs/Point32...
Getting definition of msg geometry_msgs/PointStamped...
Getting definition of msg geometry_msgs/Polygon...
Getting definition of msg geometry_msgs/PolygonStamped...
Getting definition of msg geometry_msgs/Pose...
Getting definition of msg geometry_msgs/Pose2D...
Getting definition of msg geometry_msgs/PoseArray...
Getting definition of msg geometry_msgs/PoseStamped...
Getting definition of msg geometry_msgs/PoseWithCovariance...
Getting definition of msg geometry_msgs/PoseWithCovarianceStamped...
Getting definition of msg geometry_msgs/Quaternion...
Getting definition of msg geometry_msgs/QuaternionStamped...
Getting definition of msg geometry_msgs/Transform...
Getting definition of msg geometry_msgs/TransformStamped...
Getting definition of msg geometry_msgs/Twist...
Getting definition of msg geometry_msgs/TwistStamped...
Getting definition of msg geometry_msgs/TwistWithCovariance...
Getting definition of msg geometry_msgs/TwistWithCovarianceStamped...
Getting definition of msg geometry_msgs/Vector3...
Getting definition of msg geometry_msgs/Vector3Stamped...
Getting definition of msg geometry_msgs/Wrench...
Getting definition of msg geometry_msgs/WrenchStamped...
Getting definition of msg map_msgs/OccupancyGridUpdate...
Getting definition of msg map_msgs/PointCloud2Update...
Getting definition of msg map_msgs/ProjectedMap...
Getting definition of msg map_msgs/ProjectedMapInfo...
Getting definition of msg nav_msgs/GridCells...
Getting definition of msg nav_msgs/MapMetaData...
Getting definition of msg nav_msgs/OccupancyGrid...
Getting definition of msg nav_msgs/Odometry...
Getting definition of msg nav_msgs/Path...
Getting definition of msg roscpp/Logger...
Getting definition of msg rosgraph_msgs/Clock...
Getting definition of msg rosgraph_msgs/Log...
Getting definition of msg rosgraph_msgs/TopicStatistics...
Getting definition of msg sensor_msgs/CameraInfo...
Getting definition of msg sensor_msgs/ChannelFloat32...
Getting definition of msg sensor_msgs/CompressedImage...
Getting definition of msg sensor_msgs/FluidPressure...
Getting definition of msg sensor_msgs/Illuminance...
Getting definition of msg sensor_msgs/Image...
Getting definition of msg sensor_msgs/Imu...
Getting definition of msg sensor_msgs/JointState...
Getting definition of msg sensor_msgs/Joy...
Getting definition of msg sensor_msgs/JoyFeedback...
Getting definition of msg sensor_msgs/JoyFeedbackArray...
Getting definition of msg sensor_msgs/LaserEcho...
Getting definition of msg sensor_msgs/LaserScan...
Getting definition of msg sensor_msgs/MagneticField...
Getting definition of msg sensor_msgs/MultiDOFJointState...
Getting definition of msg sensor_msgs/MultiEchoLaserScan...
Getting definition of msg sensor_msgs/NavSatFix...
Getting definition of msg sensor_msgs/NavSatStatus...
Getting definition of msg sensor_msgs/PointCloud...
Getting definition of msg sensor_msgs/PointCloud2...
Getting definition of msg sensor_msgs/PointField...
Getting definition of msg sensor_msgs/Range...
Getting definition of msg sensor_msgs/RegionOfInterest...
Getting definition of msg sensor_msgs/RelativeHumidity...
Getting definition of msg sensor_msgs/Temperature...
Getting definition of msg sensor_msgs/TimeReference...
Getting definition of msg shape_msgs/Mesh...
Getting definition of msg shape_msgs/MeshTriangle...
Getting definition of msg shape_msgs/Plane...
Getting definition of msg shape_msgs/SolidPrimitive...
Getting definition of msg smach_msgs/SmachContainerInitialStatusCmd...
Getting definition of msg smach_msgs/SmachContainerStatus...
Getting definition of msg smach_msgs/SmachContainerStructure...
Getting definition of msg std_msgs/Bool...
Getting definition of msg std_msgs/Byte...
Getting definition of msg std_msgs/ByteMultiArray...
Getting definition of msg std_msgs/Char...
Getting definition of msg std_msgs/ColorRGBA...
Getting definition of msg std_msgs/Duration...
Getting definition of msg std_msgs/Empty...
Getting definition of msg std_msgs/Float32...
Getting definition of msg std_msgs/Float32MultiArray...
Getting definition of msg std_msgs/Float64...
Getting definition of msg std_msgs/Float64MultiArray...
Getting definition of msg std_msgs/Header...
Getting definition of msg std_msgs/Int16...
Getting definition of msg std_msgs/Int16MultiArray...
Getting definition of msg std_msgs/Int32...
Getting definition of msg std_msgs/Int32MultiArray...
Getting definition of msg std_msgs/Int64...
Getting definition of msg std_msgs/Int64MultiArray...
Getting definition of msg std_msgs/Int8...
Getting definition of msg std_msgs/Int8MultiArray...
Getting definition of msg std_msgs/MultiArrayDimension...
Getting definition of msg std_msgs/MultiArrayLayout...
Getting definition of msg std_msgs/String...
Getting definition of msg std_msgs/Time...
Getting definition of msg std_msgs/UInt16...
Getting definition of msg std_msgs/UInt16MultiArray...
Getting definition of msg std_msgs/UInt32...
Getting definition of msg std_msgs/UInt32MultiArray...
Getting definition of msg std_msgs/UInt64...
Getting definition of msg std_msgs/UInt64MultiArray...
Getting definition of msg std_msgs/UInt8...
Getting definition of msg std_msgs/UInt8MultiArray...
Getting definition of msg tf/tfMessage...
Getting definition of msg tf2_msgs/TF2Error...
Getting definition of msg tf2_msgs/TFMessage...
Getting definition of msg trajectory_msgs/JointTrajectory...
Getting definition of msg trajectory_msgs/JointTrajectoryPoint...
Getting definition of msg trajectory_msgs/MultiDOFJointTrajectory...
Getting definition of msg trajectory_msgs/MultiDOFJointTrajectoryPoint...
Getting definition of msg visualization_msgs/ImageMarker...
Getting definition of msg visualization_msgs/InteractiveMarker...
Getting definition of msg visualization_msgs/InteractiveMarkerControl...
Getting definition of msg visualization_msgs/InteractiveMarkerFeedback...
Getting definition of msg visualization_msgs/InteractiveMarkerInit...
Getting definition of msg visualization_msgs/InteractiveMarkerPose...
Getting definition of msg visualization_msgs/InteractiveMarkerUpdate...
Getting definition of msg visualization_msgs/Marker...
Getting definition of msg visualization_msgs/MarkerArray...
Getting definition of msg visualization_msgs/MenuEntry...
Getting srv definitions...
Getting definition of srv dynamic_reconfigure/Reconfigure...
Getting definition of srv roscpp/Empty...
Getting definition of srv roscpp/GetLoggers...
Getting definition of srv roscpp/SetLoggerLevel...
Getting definition of srv std_srvs/Empty...
Getting definition of srv std_srvs/Trigger...
Generating header...
Generating code for message anm_msgs/CommandCheckingReport...
Generating code for message anm_msgs/DynamicObstacle...
Generating code for message anm_msgs/DynamicObstacleList...
Generating code for message anm_msgs/HMIReport...
Generating code for message anm_msgs/NearestAnmWaypoint...
Generating code for message anm_msgs/PathState...
Generating code for message anm_msgs/ShuttleRequest...
Generating code for message anm_msgs/SpiralPath...
Generating code for message anm_msgs/SystemState...
Generating code for message anm_msgs/V2XStopSign...
Generating code for message anm_msgs/V2XStopSignList...
Generating code for message anm_msgs/V2XTrafficLight...
Generating code for message anm_msgs/V2XTrafficLightList...
Generating code for message anm_msgs/V2XVehicle...
Generating code for message anm_msgs/V2XVehicleList...
Generating code for message anm_msgs/VehicleState...
Generating code for message control_msgs/JointControllerState...
Generating code for message control_msgs/JointTolerance...
Generating code for message dbw_mkz_msgs/AmbientLight...
Generating code for message dbw_mkz_msgs/BrakeCmd...
Generating code for message dbw_mkz_msgs/BrakeInfoReport...
Generating code for message dbw_mkz_msgs/BrakeReport...
Generating code for message dbw_mkz_msgs/FuelLevelReport...
Generating code for message dbw_mkz_msgs/Gear...
Generating code for message dbw_mkz_msgs/GearCmd...
Generating code for message dbw_mkz_msgs/GearReport...
Generating code for message dbw_mkz_msgs/HillStartAssist...
Generating code for message dbw_mkz_msgs/Misc1Report...
Generating code for message dbw_mkz_msgs/ParkingBrake...
Generating code for message dbw_mkz_msgs/SteeringCmd...
Generating code for message dbw_mkz_msgs/SteeringReport...
Generating code for message dbw_mkz_msgs/SurroundReport...
Generating code for message dbw_mkz_msgs/SuspensionReport...
Generating code for message dbw_mkz_msgs/ThrottleCmd...
Generating code for message dbw_mkz_msgs/ThrottleInfoReport...
Generating code for message dbw_mkz_msgs/ThrottleReport...
Generating code for message dbw_mkz_msgs/TirePressureReport...
Generating code for message dbw_mkz_msgs/TurnSignal...
Generating code for message dbw_mkz_msgs/TurnSignalCmd...
Generating code for message dbw_mkz_msgs/TwistCmd...
Generating code for message dbw_mkz_msgs/WatchdogCounter...
Generating code for message dbw_mkz_msgs/WheelSpeedReport...
Generating code for message dbw_mkz_msgs/Wiper...
Generating code for message diagnostic_msgs/DiagnosticArray...
Generating code for message diagnostic_msgs/DiagnosticStatus...
Generating code for message diagnostic_msgs/KeyValue...
Generating code for message dynamic_reconfigure/BoolParameter...
Generating code for message dynamic_reconfigure/Config...
Generating code for message dynamic_reconfigure/ConfigDescription...
Generating code for message dynamic_reconfigure/DoubleParameter...
Generating code for message dynamic_reconfigure/Group...
Generating code for message dynamic_reconfigure/GroupState...
Generating code for message dynamic_reconfigure/IntParameter...
Generating code for message dynamic_reconfigure/ParamDescription...
Generating code for message dynamic_reconfigure/SensorLevels...
Generating code for message dynamic_reconfigure/StrParameter...
Generating code for message gazebo_msgs/ContactState...
Generating code for message gazebo_msgs/ContactsState...
Generating code for message gazebo_msgs/LinkState...
Generating code for message gazebo_msgs/LinkStates...
Generating code for message gazebo_msgs/ModelState...
Generating code for message gazebo_msgs/ModelStates...
Generating code for message gazebo_msgs/ODEJointProperties...
Generating code for message gazebo_msgs/ODEPhysics...
Generating code for message gazebo_msgs/WorldState...
Generating code for message geometry_msgs/Accel...
Generating code for message geometry_msgs/AccelStamped...
Generating code for message geometry_msgs/AccelWithCovariance...
Generating code for message geometry_msgs/AccelWithCovarianceStamped...
Generating code for message geometry_msgs/Inertia...
Generating code for message geometry_msgs/InertiaStamped...
Generating code for message geometry_msgs/Point...
Generating code for message geometry_msgs/Point32...
Generating code for message geometry_msgs/PointStamped...
Generating code for message geometry_msgs/Polygon...
Generating code for message geometry_msgs/PolygonStamped...
Generating code for message geometry_msgs/Pose...
Generating code for message geometry_msgs/Pose2D...
Generating code for message geometry_msgs/PoseArray...
Generating code for message geometry_msgs/PoseStamped...
Generating code for message geometry_msgs/PoseWithCovariance...
Generating code for message geometry_msgs/PoseWithCovarianceStamped...
Generating code for message geometry_msgs/Quaternion...
Generating code for message geometry_msgs/QuaternionStamped...
Generating code for message geometry_msgs/Transform...
Generating code for message geometry_msgs/TransformStamped...
Generating code for message geometry_msgs/Twist...
Generating code for message geometry_msgs/TwistStamped...
Generating code for message geometry_msgs/TwistWithCovariance...
Generating code for message geometry_msgs/TwistWithCovarianceStamped...
Generating code for message geometry_msgs/Vector3...
Generating code for message geometry_msgs/Vector3Stamped...
Generating code for message geometry_msgs/Wrench...
Generating code for message geometry_msgs/WrenchStamped...
Generating code for message map_msgs/OccupancyGridUpdate...
Generating code for message map_msgs/PointCloud2Update...
Generating code for message map_msgs/ProjectedMap...
Generating code for message map_msgs/ProjectedMapInfo...
Generating code for message nav_msgs/GridCells...
Generating code for message nav_msgs/MapMetaData...
Generating code for message nav_msgs/OccupancyGrid...
Generating code for message nav_msgs/Odometry...
Generating code for message nav_msgs/Path...
Generating code for message roscpp/Logger...
Generating code for message rosgraph_msgs/Clock...
Generating code for message rosgraph_msgs/Log...
Generating code for message rosgraph_msgs/TopicStatistics...
Generating code for message sensor_msgs/CameraInfo...
Generating code for message sensor_msgs/ChannelFloat32...
Generating code for message sensor_msgs/CompressedImage...
Generating code for message sensor_msgs/FluidPressure...
Generating code for message sensor_msgs/Illuminance...
Generating code for message sensor_msgs/Image...
Generating code for message sensor_msgs/Imu...
Generating code for message sensor_msgs/JointState...
Generating code for message sensor_msgs/Joy...
Generating code for message sensor_msgs/JoyFeedback...
Generating code for message sensor_msgs/JoyFeedbackArray...
Generating code for message sensor_msgs/LaserEcho...
Generating code for message sensor_msgs/LaserScan...
Generating code for message sensor_msgs/MagneticField...
Generating code for message sensor_msgs/MultiDOFJointState...
Generating code for message sensor_msgs/MultiEchoLaserScan...
Generating code for message sensor_msgs/NavSatFix...
Generating code for message sensor_msgs/NavSatStatus...
Generating code for message sensor_msgs/PointCloud...
Generating code for message sensor_msgs/PointCloud2...
Generating code for message sensor_msgs/PointField...
Generating code for message sensor_msgs/Range...
Generating code for message sensor_msgs/RegionOfInterest...
Generating code for message sensor_msgs/RelativeHumidity...
Generating code for message sensor_msgs/Temperature...
Generating code for message sensor_msgs/TimeReference...
Generating code for message shape_msgs/Mesh...
Generating code for message shape_msgs/MeshTriangle...
Generating code for message shape_msgs/Plane...
Generating code for message shape_msgs/SolidPrimitive...
Generating code for message smach_msgs/SmachContainerInitialStatusCmd...
Generating code for message smach_msgs/SmachContainerStatus...
Generating code for message smach_msgs/SmachContainerStructure...
Generating code for message std_msgs/Bool...
Generating code for message std_msgs/Byte...
Generating code for message std_msgs/ByteMultiArray...
Generating code for message std_msgs/Char...
Generating code for message std_msgs/ColorRGBA...
Generating code for message std_msgs/Duration...
Generating code for message std_msgs/Empty...
Generating code for message std_msgs/Float32...
Generating code for message std_msgs/Float32MultiArray...
Generating code for message std_msgs/Float64...
Generating code for message std_msgs/Float64MultiArray...
Generating code for message std_msgs/Header...
Generating code for message std_msgs/Int16...
Generating code for message std_msgs/Int16MultiArray...
Generating code for message std_msgs/Int32...
Generating code for message std_msgs/Int32MultiArray...
Generating code for message std_msgs/Int64...
Generating code for message std_msgs/Int64MultiArray...
Generating code for message std_msgs/Int8...
Generating code for message std_msgs/Int8MultiArray...
Generating code for message std_msgs/MultiArrayDimension...
Generating code for message std_msgs/MultiArrayLayout...
Generating code for message std_msgs/String...
Generating code for message std_msgs/Time...
Generating code for message std_msgs/UInt16...
Generating code for message std_msgs/UInt16MultiArray...
Generating code for message std_msgs/UInt32...
Generating code for message std_msgs/UInt32MultiArray...
Generating code for message std_msgs/UInt64...
Generating code for message std_msgs/UInt64MultiArray...
Generating code for message std_msgs/UInt8...
Generating code for message std_msgs/UInt8MultiArray...
Generating code for message tf/tfMessage...
Generating code for message tf2_msgs/TF2Error...
Generating code for message tf2_msgs/TFMessage...
Generating code for message trajectory_msgs/JointTrajectory...
Generating code for message trajectory_msgs/JointTrajectoryPoint...
Generating code for message trajectory_msgs/MultiDOFJointTrajectory...
Generating code for message trajectory_msgs/MultiDOFJointTrajectoryPoint...
Generating code for message visualization_msgs/ImageMarker...
Generating code for message visualization_msgs/InteractiveMarker...
Generating code for message visualization_msgs/InteractiveMarkerControl...
Generating code for message visualization_msgs/InteractiveMarkerFeedback...
Generating code for message visualization_msgs/InteractiveMarkerInit...
Generating code for message visualization_msgs/InteractiveMarkerPose...
Generating code for message visualization_msgs/InteractiveMarkerUpdate...
Generating code for message visualization_msgs/Marker...
Generating code for message visualization_msgs/MarkerArray...
Generating code for message visualization_msgs/MenuEntry...
Generating code for service dynamic_reconfigure/Reconfigure...
Generating code for service roscpp/Empty...
Generating code for service roscpp/GetLoggers...
Generating code for service roscpp/SetLoggerLevel...
Generating code for service std_srvs/Empty...
Generating code for service std_srvs/Trigger...
[35m[1mScanning dependencies of target v_repExtRosInterface[0m
[ 55%] [32mBuilding CXX object CMakeFiles/v_repExtRosInterface.dir/src/vrep_ros_interface.cpp.o[0m
[ 66%] [32mBuilding CXX object CMakeFiles/v_repExtRosInterface.dir/generated/ros_msg_io.cpp.o[0m
[ 66%] [32mBuilding CXX object CMakeFiles/v_repExtRosInterface.dir/generated/stubs.cpp.o[0m
[ 55%] [32mBuilding CXX object CMakeFiles/v_repExtRosInterface.dir/src/ros_msg_builtin_io.cpp.o[0m
[ 77%] [32mBuilding CXX object CMakeFiles/v_repExtRosInterface.dir/generated/ros_srv_io.cpp.o[0m
[ 88%] [32mBuilding CXX object CMakeFiles/v_repExtRosInterface.dir/src/v_repLib_inc.cpp.o[0m
[100%] [32m[1mLinking CXX shared library /home/sundong/Exploring/localplanning/ros_navigation_stack_vrep_simulation/vrep_ws/devel/lib/libv_repExtRosInterface.so[0m
[100%] Built target v_repExtRosInterface
