Not searching for unused variables given on the command line.
[36m--[0m Using CATKIN_DEVEL_PREFIX: /home/sundong/Exploring/localplanning/ros_navigation_stack_vrep_simulation/devel/.private/map_server
[36m--[0m Using CMAKE_PREFIX_PATH: /home/sundong/Exploring/localplanning/ros_navigation_stack_vrep_simulation/devel;/opt/ros/kinetic
[36m--[0m This workspace overlays: /home/sundong/Exploring/localplanning/ros_navigation_stack_vrep_simulation/devel;/opt/ros/kinetic
[36m--[0m Found PythonInterp: /usr/bin/python2 (found suitable version "2.7.12", minimum required is "2")
[36m--[0m Using PYTHON_EXECUTABLE: /usr/bin/python2
[36m--[0m Using Debian Python package layout
[36m--[0m Using empy: /usr/bin/empy
[36m--[0m Using CATKIN_ENABLE_TESTING: ON
[36m--[0m Call enable_testing()
[36m--[0m Using CATKIN_TEST_RESULTS_DIR: /home/sundong/Exploring/localplanning/ros_navigation_stack_vrep_simulation/build/map_server/test_results
[36m--[0m Found gtest sources under '/usr/src/gmock': gtests will be built
[36m--[0m Found gmock sources under '/usr/src/gmock': gmock will be built
[36m--[0m Found PythonInterp: /usr/bin/python2 (found version "2.7.12")
[36m--[0m Using Python nosetests: /usr/bin/nosetests-2.7
[36m--[0m catkin 0.7.20
[36m--[0m BUILD_SHARED_LIBS is on
[36m--[0m Using these message generators: gencpp;geneus;genlisp;gennodejs;genpy
[36m--[0m Found SDL: /usr/local/lib/libSDLmain.a;/usr/local/lib/libSDL.so;-lpthread (found version "1.2.15")
[31m[1mCMake Error[0m at /usr/share/cmake-3.5/Modules/FindPackageHandleStandardArgs.cmake:148 (message):
  Could NOT find SDL_image (missing: SDL_IMAGE_LIBRARIES
  SDL_IMAGE_INCLUDE_DIRS)
[36mCall Stack (most recent call first):[0m
  /usr/share/cmake-3.5/Modules/FindPackageHandleStandardArgs.cmake:388 (_FPHSA_FAILURE_MESSAGE)
  /usr/share/cmake-3.5/Modules/FindSDL_image.cmake:102 (FIND_PACKAGE_HANDLE_STANDARD_ARGS)
  CMakeLists.txt:13 (find_package)


[36m--[0m Configuring incomplete, errors occurred!
See also "/home/sundong/Exploring/localplanning/ros_navigation_stack_vrep_simulation/build/map_server/CMakeFiles/CMakeOutput.log".
See also "/home/sundong/Exploring/localplanning/ros_navigation_stack_vrep_simulation/build/map_server/CMakeFiles/CMakeError.log".
