[35m[1mScanning dependencies of target _dbw_mkz_msgs_generate_messages_check_deps_ParkingBrake[0m
[35m[1mScanning dependencies of target _dbw_mkz_msgs_generate_messages_check_deps_Misc1Report[0m
[35m[1mScanning dependencies of target _dbw_mkz_msgs_generate_messages_check_deps_TwistCmd[0m
[35m[1mScanning dependencies of target _dbw_mkz_msgs_generate_messages_check_deps_BrakeReport[0m
[  0%] Built target _dbw_mkz_msgs_generate_messages_check_deps_TwistCmd
[  0%] Built target _dbw_mkz_msgs_generate_messages_check_deps_Misc1Report
[  0%] Built target _dbw_mkz_msgs_generate_messages_check_deps_BrakeReport
[  0%] Built target _dbw_mkz_msgs_generate_messages_check_deps_ParkingBrake
[35m[1mScanning dependencies of target _dbw_mkz_msgs_generate_messages_check_deps_Gear[0m
[35m[1mScanning dependencies of target _dbw_mkz_msgs_generate_messages_check_deps_TurnSignal[0m
[35m[1mScanning dependencies of target _dbw_mkz_msgs_generate_messages_check_deps_TurnSignalCmd[0m
[35m[1mScanning dependencies of target geometry_msgs_generate_messages_eus[0m
[  0%] Built target geometry_msgs_generate_messages_eus
[35m[1mScanning dependencies of target _dbw_mkz_msgs_generate_messages_check_deps_BrakeInfoReport[0m
[  0%] Built target _dbw_mkz_msgs_generate_messages_check_deps_Gear
[  0%] Built target _dbw_mkz_msgs_generate_messages_check_deps_TurnSignalCmd
[35m[1mScanning dependencies of target std_msgs_generate_messages_eus[0m
[  0%] Built target std_msgs_generate_messages_eus
[35m[1mScanning dependencies of target _dbw_mkz_msgs_generate_messages_check_deps_BrakeCmd[0m
[  0%] Built target _dbw_mkz_msgs_generate_messages_check_deps_TurnSignal
[35m[1mScanning dependencies of target _dbw_mkz_msgs_generate_messages_check_deps_WheelSpeedReport[0m
[35m[1mScanning dependencies of target _dbw_mkz_msgs_generate_messages_check_deps_ThrottleInfoReport[0m
[  0%] Built target _dbw_mkz_msgs_generate_messages_check_deps_BrakeInfoReport
[35m[1mScanning dependencies of target _dbw_mkz_msgs_generate_messages_check_deps_WatchdogCounter[0m
[  0%] Built target _dbw_mkz_msgs_generate_messages_check_deps_WheelSpeedReport
[35m[1mScanning dependencies of target _dbw_mkz_msgs_generate_messages_check_deps_TirePressureReport[0m
[  0%] Built target _dbw_mkz_msgs_generate_messages_check_deps_BrakeCmd
[  0%] Built target _dbw_mkz_msgs_generate_messages_check_deps_ThrottleInfoReport
[  0%] Built target _dbw_mkz_msgs_generate_messages_check_deps_WatchdogCounter
[35m[1mScanning dependencies of target _dbw_mkz_msgs_generate_messages_check_deps_HillStartAssist[0m
[35m[1mScanning dependencies of target _dbw_mkz_msgs_generate_messages_check_deps_ThrottleReport[0m
[35m[1mScanning dependencies of target _dbw_mkz_msgs_generate_messages_check_deps_SteeringCmd[0m
[  0%] Built target _dbw_mkz_msgs_generate_messages_check_deps_TirePressureReport
[35m[1mScanning dependencies of target _dbw_mkz_msgs_generate_messages_check_deps_ThrottleCmd[0m
[  0%] Built target _dbw_mkz_msgs_generate_messages_check_deps_ThrottleReport
[  0%] Built target _dbw_mkz_msgs_generate_messages_check_deps_SteeringCmd
[  0%] Built target _dbw_mkz_msgs_generate_messages_check_deps_HillStartAssist
[35m[1mScanning dependencies of target _dbw_mkz_msgs_generate_messages_check_deps_SuspensionReport[0m
[35m[1mScanning dependencies of target _dbw_mkz_msgs_generate_messages_check_deps_AmbientLight[0m
[35m[1mScanning dependencies of target _dbw_mkz_msgs_generate_messages_check_deps_GearReport[0m
[  0%] Built target _dbw_mkz_msgs_generate_messages_check_deps_ThrottleCmd
[35m[1mScanning dependencies of target _dbw_mkz_msgs_generate_messages_check_deps_GearCmd[0m
[  0%] Built target _dbw_mkz_msgs_generate_messages_check_deps_AmbientLight
[  0%] Built target _dbw_mkz_msgs_generate_messages_check_deps_SuspensionReport
[35m[1mScanning dependencies of target _dbw_mkz_msgs_generate_messages_check_deps_Wiper[0m
[35m[1mScanning dependencies of target _dbw_mkz_msgs_generate_messages_check_deps_SteeringReport[0m
[  0%] Built target _dbw_mkz_msgs_generate_messages_check_deps_GearReport
[35m[1mScanning dependencies of target _dbw_mkz_msgs_generate_messages_check_deps_SurroundReport[0m
[  0%] Built target _dbw_mkz_msgs_generate_messages_check_deps_GearCmd
[35m[1mScanning dependencies of target _dbw_mkz_msgs_generate_messages_check_deps_FuelLevelReport[0m
[  0%] Built target _dbw_mkz_msgs_generate_messages_check_deps_SteeringReport
[35m[1mScanning dependencies of target std_msgs_generate_messages_py[0m
[  0%] Built target _dbw_mkz_msgs_generate_messages_check_deps_Wiper
[  0%] Built target std_msgs_generate_messages_py
[35m[1mScanning dependencies of target geometry_msgs_generate_messages_py[0m
[  0%] Built target _dbw_mkz_msgs_generate_messages_check_deps_FuelLevelReport
[  0%] Built target _dbw_mkz_msgs_generate_messages_check_deps_SurroundReport
[35m[1mScanning dependencies of target geometry_msgs_generate_messages_nodejs[0m
[  0%] Built target geometry_msgs_generate_messages_py
[35m[1mScanning dependencies of target std_msgs_generate_messages_nodejs[0m
[35m[1mScanning dependencies of target geometry_msgs_generate_messages_lisp[0m
[  0%] Built target geometry_msgs_generate_messages_nodejs
[  0%] Built target std_msgs_generate_messages_nodejs
[35m[1mScanning dependencies of target std_msgs_generate_messages_lisp[0m
[  0%] Built target geometry_msgs_generate_messages_lisp
[35m[1mScanning dependencies of target geometry_msgs_generate_messages_cpp[0m
[  0%] Built target std_msgs_generate_messages_lisp
[35m[1mScanning dependencies of target dbw_mkz_msgs_generate_messages_eus[0m
[35m[1mScanning dependencies of target std_msgs_generate_messages_cpp[0m
[  0%] Built target geometry_msgs_generate_messages_cpp
[35m[1mScanning dependencies of target dbw_mkz_msgs_generate_messages_py[0m
[  0%] Built target std_msgs_generate_messages_cpp
[  0%] [34m[1mGenerating EusLisp code from dbw_mkz_msgs/TwistCmd.msg[0m
[35m[1mScanning dependencies of target dbw_mkz_msgs_generate_messages_nodejs[0m
[  0%] [34m[1mGenerating Python from MSG dbw_mkz_msgs/TwistCmd[0m
[35m[1mScanning dependencies of target dbw_mkz_msgs_generate_messages_lisp[0m
[  0%] [34m[1mGenerating Javascript code from dbw_mkz_msgs/TwistCmd.msg[0m
[  1%] [34m[1mGenerating Lisp code from dbw_mkz_msgs/TwistCmd.msg[0m
[  2%] [34m[1mGenerating Javascript code from dbw_mkz_msgs/Misc1Report.msg[0m
[  3%] [34m[1mGenerating Lisp code from dbw_mkz_msgs/Misc1Report.msg[0m
[  4%] [34m[1mGenerating EusLisp code from dbw_mkz_msgs/Misc1Report.msg[0m
[  5%] [34m[1mGenerating Javascript code from dbw_mkz_msgs/WheelSpeedReport.msg[0m
[  6%] [34m[1mGenerating Lisp code from dbw_mkz_msgs/WheelSpeedReport.msg[0m
[  7%] [34m[1mGenerating Python from MSG dbw_mkz_msgs/Misc1Report[0m
[  8%] [34m[1mGenerating EusLisp code from dbw_mkz_msgs/WheelSpeedReport.msg[0m
[  8%] [34m[1mGenerating Javascript code from dbw_mkz_msgs/TurnSignalCmd.msg[0m
[  8%] [34m[1mGenerating Lisp code from dbw_mkz_msgs/TurnSignalCmd.msg[0m
[  9%] [34m[1mGenerating Javascript code from dbw_mkz_msgs/Gear.msg[0m
[ 10%] [34m[1mGenerating EusLisp code from dbw_mkz_msgs/TurnSignalCmd.msg[0m
[ 11%] [34m[1mGenerating Lisp code from dbw_mkz_msgs/Gear.msg[0m
[ 13%] [34m[1mGenerating Javascript code from dbw_mkz_msgs/TirePressureReport.msg[0m
[ 14%] [34m[1mGenerating Python from MSG dbw_mkz_msgs/WheelSpeedReport[0m
[ 15%] [34m[1mGenerating Lisp code from dbw_mkz_msgs/TirePressureReport.msg[0m
[ 15%] [34m[1mGenerating EusLisp code from dbw_mkz_msgs/Gear.msg[0m
[ 16%] [34m[1mGenerating Javascript code from dbw_mkz_msgs/TurnSignal.msg[0m
[ 17%] [34m[1mGenerating Lisp code from dbw_mkz_msgs/TurnSignal.msg[0m
[ 17%] [34m[1mGenerating Javascript code from dbw_mkz_msgs/ParkingBrake.msg[0m
[ 18%] [34m[1mGenerating EusLisp code from dbw_mkz_msgs/TirePressureReport.msg[0m
[ 18%] [34m[1mGenerating Lisp code from dbw_mkz_msgs/ParkingBrake.msg[0m
[ 19%] [34m[1mGenerating Python from MSG dbw_mkz_msgs/TurnSignalCmd[0m
[ 20%] [34m[1mGenerating Javascript code from dbw_mkz_msgs/BrakeReport.msg[0m
[ 21%] [34m[1mGenerating EusLisp code from dbw_mkz_msgs/TurnSignal.msg[0m
[ 22%] [34m[1mGenerating Lisp code from dbw_mkz_msgs/BrakeReport.msg[0m
[ 23%] [34m[1mGenerating Javascript code from dbw_mkz_msgs/WatchdogCounter.msg[0m
[ 25%] [34m[1mGenerating Lisp code from dbw_mkz_msgs/WatchdogCounter.msg[0m
[ 25%] [34m[1mGenerating EusLisp code from dbw_mkz_msgs/ParkingBrake.msg[0m
[ 25%] [34m[1mGenerating Python from MSG dbw_mkz_msgs/Gear[0m
[ 26%] [34m[1mGenerating Javascript code from dbw_mkz_msgs/ThrottleReport.msg[0m
[ 26%] [34m[1mGenerating Lisp code from dbw_mkz_msgs/ThrottleReport.msg[0m
[ 27%] [34m[1mGenerating EusLisp code from dbw_mkz_msgs/BrakeReport.msg[0m
[ 27%] [34m[1mGenerating Javascript code from dbw_mkz_msgs/BrakeInfoReport.msg[0m
[ 28%] [34m[1mGenerating Lisp code from dbw_mkz_msgs/BrakeInfoReport.msg[0m
[ 29%] [34m[1mGenerating Python from MSG dbw_mkz_msgs/TirePressureReport[0m
[ 30%] [34m[1mGenerating Javascript code from dbw_mkz_msgs/BrakeCmd.msg[0m
[ 31%] [34m[1mGenerating EusLisp code from dbw_mkz_msgs/WatchdogCounter.msg[0m
[ 32%] [34m[1mGenerating Lisp code from dbw_mkz_msgs/BrakeCmd.msg[0m
[ 33%] [34m[1mGenerating Javascript code from dbw_mkz_msgs/ThrottleInfoReport.msg[0m
[ 34%] [34m[1mGenerating Lisp code from dbw_mkz_msgs/ThrottleInfoReport.msg[0m
[ 35%] [34m[1mGenerating EusLisp code from dbw_mkz_msgs/ThrottleReport.msg[0m
[ 35%] [34m[1mGenerating Javascript code from dbw_mkz_msgs/SurroundReport.msg[0m
[ 35%] [34m[1mGenerating Lisp code from dbw_mkz_msgs/SurroundReport.msg[0m
[ 36%] [34m[1mGenerating Python from MSG dbw_mkz_msgs/TurnSignal[0m
[ 36%] [34m[1mGenerating EusLisp code from dbw_mkz_msgs/BrakeInfoReport.msg[0m
[ 39%] [34m[1mGenerating Lisp code from dbw_mkz_msgs/AmbientLight.msg[0m
[ 39%] [34m[1mGenerating Javascript code from dbw_mkz_msgs/AmbientLight.msg[0m
[ 40%] [34m[1mGenerating Javascript code from dbw_mkz_msgs/HillStartAssist.msg[0m
[ 41%] [34m[1mGenerating EusLisp code from dbw_mkz_msgs/BrakeCmd.msg[0m
[ 42%] [34m[1mGenerating Lisp code from dbw_mkz_msgs/HillStartAssist.msg[0m
[ 42%] [34m[1mGenerating Python from MSG dbw_mkz_msgs/ParkingBrake[0m
[ 43%] [34m[1mGenerating Javascript code from dbw_mkz_msgs/SteeringCmd.msg[0m
[ 44%] [34m[1mGenerating Lisp code from dbw_mkz_msgs/SteeringCmd.msg[0m
[ 45%] [34m[1mGenerating EusLisp code from dbw_mkz_msgs/ThrottleInfoReport.msg[0m
[ 45%] [34m[1mGenerating Javascript code from dbw_mkz_msgs/ThrottleCmd.msg[0m
[ 45%] [34m[1mGenerating Lisp code from dbw_mkz_msgs/ThrottleCmd.msg[0m
[ 45%] [34m[1mGenerating EusLisp code from dbw_mkz_msgs/SurroundReport.msg[0m
[ 46%] [34m[1mGenerating Python from MSG dbw_mkz_msgs/BrakeReport[0m
[ 47%] [34m[1mGenerating Javascript code from dbw_mkz_msgs/SuspensionReport.msg[0m
[ 48%] [34m[1mGenerating Lisp code from dbw_mkz_msgs/SuspensionReport.msg[0m
[ 50%] [34m[1mGenerating Javascript code from dbw_mkz_msgs/GearReport.msg[0m
[ 51%] [34m[1mGenerating EusLisp code from dbw_mkz_msgs/AmbientLight.msg[0m
[ 52%] [34m[1mGenerating Lisp code from dbw_mkz_msgs/GearReport.msg[0m
[ 53%] [34m[1mGenerating Javascript code from dbw_mkz_msgs/Wiper.msg[0m
[ 54%] [34m[1mGenerating Python from MSG dbw_mkz_msgs/WatchdogCounter[0m
[ 55%] [34m[1mGenerating EusLisp code from dbw_mkz_msgs/HillStartAssist.msg[0m
[ 55%] [34m[1mGenerating Lisp code from dbw_mkz_msgs/Wiper.msg[0m
[ 55%] [34m[1mGenerating Javascript code from dbw_mkz_msgs/GearCmd.msg[0m
[ 56%] [34m[1mGenerating Lisp code from dbw_mkz_msgs/GearCmd.msg[0m
[ 57%] [34m[1mGenerating EusLisp code from dbw_mkz_msgs/SteeringCmd.msg[0m
[ 58%] [34m[1mGenerating Javascript code from dbw_mkz_msgs/SteeringReport.msg[0m
[ 59%] [34m[1mGenerating Lisp code from dbw_mkz_msgs/SteeringReport.msg[0m
[ 60%] [34m[1mGenerating Python from MSG dbw_mkz_msgs/ThrottleReport[0m
[ 61%] [34m[1mGenerating Javascript code from dbw_mkz_msgs/FuelLevelReport.msg[0m
[ 61%] [34m[1mGenerating EusLisp code from dbw_mkz_msgs/ThrottleCmd.msg[0m
[ 63%] [34m[1mGenerating Lisp code from dbw_mkz_msgs/FuelLevelReport.msg[0m
[ 63%] Built target dbw_mkz_msgs_generate_messages_nodejs
[35m[1mScanning dependencies of target dbw_mkz_msgs_generate_messages_cpp[0m
[ 63%] Built target dbw_mkz_msgs_generate_messages_lisp
[ 64%] [34m[1mGenerating EusLisp code from dbw_mkz_msgs/SuspensionReport.msg[0m
[ 65%] [34m[1mGenerating EusLisp code from dbw_mkz_msgs/GearReport.msg[0m
[ 65%] [34m[1mGenerating C++ code from dbw_mkz_msgs/TwistCmd.msg[0m
[ 65%] [34m[1mGenerating Python from MSG dbw_mkz_msgs/BrakeInfoReport[0m
[ 66%] [34m[1mGenerating EusLisp code from dbw_mkz_msgs/Wiper.msg[0m
[ 66%] [34m[1mGenerating EusLisp code from dbw_mkz_msgs/GearCmd.msg[0m
[ 67%] [34m[1mGenerating EusLisp code from dbw_mkz_msgs/SteeringReport.msg[0m
[ 68%] [34m[1mGenerating EusLisp code from dbw_mkz_msgs/FuelLevelReport.msg[0m
[ 69%] [34m[1mGenerating Python from MSG dbw_mkz_msgs/BrakeCmd[0m
[ 70%] [34m[1mGenerating C++ code from dbw_mkz_msgs/Misc1Report.msg[0m
[ 70%] [34m[1mGenerating EusLisp manifest code for dbw_mkz_msgs[0m
[ 71%] [34m[1mGenerating Python from MSG dbw_mkz_msgs/ThrottleInfoReport[0m
[ 72%] [34m[1mGenerating Python from MSG dbw_mkz_msgs/SurroundReport[0m
[ 73%] [34m[1mGenerating C++ code from dbw_mkz_msgs/WheelSpeedReport.msg[0m
[ 73%] [34m[1mGenerating Python from MSG dbw_mkz_msgs/AmbientLight[0m
[ 75%] [34m[1mGenerating Python from MSG dbw_mkz_msgs/HillStartAssist[0m
[ 76%] [34m[1mGenerating Python from MSG dbw_mkz_msgs/SteeringCmd[0m
[ 76%] [34m[1mGenerating C++ code from dbw_mkz_msgs/TurnSignalCmd.msg[0m
[ 77%] [34m[1mGenerating C++ code from dbw_mkz_msgs/Gear.msg[0m
[ 77%] [34m[1mGenerating Python from MSG dbw_mkz_msgs/ThrottleCmd[0m
[ 78%] [34m[1mGenerating C++ code from dbw_mkz_msgs/TirePressureReport.msg[0m
[ 79%] [34m[1mGenerating C++ code from dbw_mkz_msgs/TurnSignal.msg[0m
[ 79%] [34m[1mGenerating C++ code from dbw_mkz_msgs/ParkingBrake.msg[0m
[ 80%] [34m[1mGenerating Python from MSG dbw_mkz_msgs/SuspensionReport[0m
[ 81%] [34m[1mGenerating Python from MSG dbw_mkz_msgs/GearReport[0m
[ 81%] Built target dbw_mkz_msgs_generate_messages_eus
[ 82%] [34m[1mGenerating C++ code from dbw_mkz_msgs/BrakeReport.msg[0m
[ 83%] [34m[1mGenerating C++ code from dbw_mkz_msgs/WatchdogCounter.msg[0m
[ 84%] [34m[1mGenerating Python from MSG dbw_mkz_msgs/Wiper[0m
[ 84%] [34m[1mGenerating Python from MSG dbw_mkz_msgs/GearCmd[0m
[ 85%] [34m[1mGenerating Python from MSG dbw_mkz_msgs/SteeringReport[0m
[ 85%] [34m[1mGenerating C++ code from dbw_mkz_msgs/ThrottleReport.msg[0m
[ 86%] [34m[1mGenerating C++ code from dbw_mkz_msgs/BrakeInfoReport.msg[0m
[ 88%] [34m[1mGenerating Python from MSG dbw_mkz_msgs/FuelLevelReport[0m
[ 89%] [34m[1mGenerating C++ code from dbw_mkz_msgs/BrakeCmd.msg[0m
[ 90%] [34m[1mGenerating C++ code from dbw_mkz_msgs/ThrottleInfoReport.msg[0m
[ 90%] [34m[1mGenerating C++ code from dbw_mkz_msgs/SurroundReport.msg[0m
[ 91%] [34m[1mGenerating Python msg __init__.py for dbw_mkz_msgs[0m
[ 92%] [34m[1mGenerating C++ code from dbw_mkz_msgs/AmbientLight.msg[0m
[ 93%] [34m[1mGenerating C++ code from dbw_mkz_msgs/HillStartAssist.msg[0m
[ 93%] Built target dbw_mkz_msgs_generate_messages_py
[ 94%] [34m[1mGenerating C++ code from dbw_mkz_msgs/SteeringCmd.msg[0m
[ 94%] [34m[1mGenerating C++ code from dbw_mkz_msgs/ThrottleCmd.msg[0m
[ 95%] [34m[1mGenerating C++ code from dbw_mkz_msgs/SuspensionReport.msg[0m
[ 96%] [34m[1mGenerating C++ code from dbw_mkz_msgs/GearReport.msg[0m
[ 96%] [34m[1mGenerating C++ code from dbw_mkz_msgs/Wiper.msg[0m
[ 97%] [34m[1mGenerating C++ code from dbw_mkz_msgs/GearCmd.msg[0m
[ 98%] [34m[1mGenerating C++ code from dbw_mkz_msgs/SteeringReport.msg[0m
[100%] [34m[1mGenerating C++ code from dbw_mkz_msgs/FuelLevelReport.msg[0m
[100%] Built target dbw_mkz_msgs_generate_messages_cpp
[35m[1mScanning dependencies of target dbw_mkz_msgs_generate_messages[0m
[100%] Built target dbw_mkz_msgs_generate_messages
