[  0%] Built target _dbw_mkz_msgs_generate_messages_check_deps_TwistCmd
[  0%] Built target _dbw_mkz_msgs_generate_messages_check_deps_ParkingBrake
[  0%] Built target _dbw_mkz_msgs_generate_messages_check_deps_BrakeReport
[  0%] Built target _dbw_mkz_msgs_generate_messages_check_deps_Misc1Report
[  0%] Built target _dbw_mkz_msgs_generate_messages_check_deps_Gear
[  0%] Built target _dbw_mkz_msgs_generate_messages_check_deps_TurnSignalCmd
[  0%] Built target _dbw_mkz_msgs_generate_messages_check_deps_TurnSignal
[  0%] Built target geometry_msgs_generate_messages_eus
[  0%] Built target _dbw_mkz_msgs_generate_messages_check_deps_BrakeInfoReport
[  0%] Built target std_msgs_generate_messages_eus
[  0%] Built target _dbw_mkz_msgs_generate_messages_check_deps_BrakeCmd
[  0%] Built target _dbw_mkz_msgs_generate_messages_check_deps_WheelSpeedReport
[  0%] Built target _dbw_mkz_msgs_generate_messages_check_deps_ThrottleInfoReport
[  0%] Built target _dbw_mkz_msgs_generate_messages_check_deps_WatchdogCounter
[  0%] Built target _dbw_mkz_msgs_generate_messages_check_deps_TirePressureReport
[  0%] Built target _dbw_mkz_msgs_generate_messages_check_deps_HillStartAssist
[  0%] Built target _dbw_mkz_msgs_generate_messages_check_deps_ThrottleReport
[  0%] Built target _dbw_mkz_msgs_generate_messages_check_deps_SteeringCmd
[  0%] Built target _dbw_mkz_msgs_generate_messages_check_deps_ThrottleCmd
[  0%] Built target _dbw_mkz_msgs_generate_messages_check_deps_SuspensionReport
[  0%] Built target _dbw_mkz_msgs_generate_messages_check_deps_AmbientLight
[  0%] Built target _dbw_mkz_msgs_generate_messages_check_deps_GearReport
[  0%] Built target _dbw_mkz_msgs_generate_messages_check_deps_GearCmd
[  0%] Built target _dbw_mkz_msgs_generate_messages_check_deps_Wiper
[  0%] Built target _dbw_mkz_msgs_generate_messages_check_deps_SteeringReport
[  0%] Built target _dbw_mkz_msgs_generate_messages_check_deps_SurroundReport
[  0%] Built target _dbw_mkz_msgs_generate_messages_check_deps_FuelLevelReport
[  0%] Built target std_msgs_generate_messages_py
[  0%] Built target geometry_msgs_generate_messages_py
[  0%] Built target geometry_msgs_generate_messages_nodejs
[  0%] Built target std_msgs_generate_messages_nodejs
[  0%] Built target geometry_msgs_generate_messages_lisp
[  0%] Built target std_msgs_generate_messages_lisp
[  0%] Built target geometry_msgs_generate_messages_cpp
[  0%] Built target std_msgs_generate_messages_cpp
[ 19%] Built target dbw_mkz_msgs_generate_messages_eus
[ 40%] Built target dbw_mkz_msgs_generate_messages_py
[ 59%] Built target dbw_mkz_msgs_generate_messages_nodejs
[ 80%] Built target dbw_mkz_msgs_generate_messages_lisp
[100%] Built target dbw_mkz_msgs_generate_messages_cpp
[100%] Built target dbw_mkz_msgs_generate_messages
