Not searching for unused variables given on the command line.
[36m--[0m The C compiler identification is GNU 5.4.0
[36m--[0m The CXX compiler identification is GNU 5.4.0
[36m--[0m Check for working C compiler: /usr/bin/cc
[36m--[0m Check for working C compiler: /usr/bin/cc -- works
[36m--[0m Detecting C compiler ABI info
[36m--[0m Detecting C compiler ABI info - done
[36m--[0m Detecting C compile features
[36m--[0m Detecting C compile features - done
[36m--[0m Check for working CXX compiler: /usr/bin/c++
[36m--[0m Check for working CXX compiler: /usr/bin/c++ -- works
[36m--[0m Detecting CXX compiler ABI info
[36m--[0m Detecting CXX compiler ABI info - done
[36m--[0m Detecting CXX compile features
[36m--[0m Detecting CXX compile features - done
[36m--[0m Found PkgConfig: /usr/bin/pkg-config (found version "0.29.1")
[36m--[0m Checking for module 'orocos-bfl'
[36m--[0m   No package 'orocos-bfl' found
[31m[1mCMake Error[0m at /usr/share/cmake-3.5/Modules/FindPkgConfig.cmake:367 (message):
  A required package was not found
[36mCall Stack (most recent call first):[0m
  /usr/share/cmake-3.5/Modules/FindPkgConfig.cmake:532 (_pkg_check_modules_internal)
  CMakeLists.txt:6 (pkg_check_modules)


[36m--[0m Configuring incomplete, errors occurred!
See also "/home/sundong/Exploring/localplanning/ros_navigation_stack_vrep_simulation/build/robot_pose_ekf/CMakeFiles/CMakeOutput.log".
