[  0%] Built target actionlib_msgs_generate_messages_lisp
[  0%] Built target std_msgs_generate_messages_nodejs
[  0%] Built target std_msgs_generate_messages_lisp
[  0%] Built target _robot_pose_ekf_generate_messages_check_deps_GetStatus
[  0%] Built target std_msgs_generate_messages_cpp
[  0%] Built target nav_msgs_generate_messages_nodejs
[  0%] Built target nav_msgs_generate_messages_lisp
[  0%] Built target nav_msgs_generate_messages_eus
[  0%] Built target nav_msgs_generate_messages_cpp
[  0%] Built target tf2_msgs_generate_messages_nodejs
[  0%] Built target tf2_msgs_generate_messages_lisp
[  0%] Built target tf2_msgs_generate_messages_eus
[  0%] Built target actionlib_generate_messages_eus
[  0%] Built target std_msgs_generate_messages_eus
[  0%] Built target roscpp_generate_messages_lisp
[  0%] Built target nav_msgs_generate_messages_py
[  0%] Built target std_msgs_generate_messages_py
[  0%] Built target rosgraph_msgs_generate_messages_lisp
[  0%] Built target tf_generate_messages_eus
[  0%] Built target roscpp_generate_messages_nodejs
[ 11%] Built target robot_pose_ekf_generate_messages_eus
[ 11%] Built target rosgraph_msgs_generate_messages_nodejs
[ 11%] Built target rosgraph_msgs_generate_messages_cpp
[ 11%] Built target tf2_msgs_generate_messages_cpp
[ 11%] Built target tf_generate_messages_cpp
[ 11%] Built target geometry_msgs_generate_messages_lisp
[ 11%] Built target roscpp_generate_messages_eus
[ 11%] Built target roscpp_generate_messages_cpp
[ 11%] Built target geometry_msgs_generate_messages_eus
[ 11%] Built target actionlib_msgs_generate_messages_py
[ 11%] Built target geometry_msgs_generate_messages_nodejs
[ 11%] Built target rosgraph_msgs_generate_messages_eus
[ 23%] Built target robot_pose_ekf_generate_messages_py
[ 23%] Built target rosgraph_msgs_generate_messages_py
[ 23%] Built target tf_generate_messages_lisp
[ 23%] Built target roscpp_generate_messages_py
[ 23%] Built target tf_generate_messages_nodejs
[ 23%] Built target tf_generate_messages_py
[ 23%] Built target geometry_msgs_generate_messages_cpp
[ 23%] Built target geometry_msgs_generate_messages_py
[ 23%] Built target sensor_msgs_generate_messages_nodejs
[ 23%] Built target sensor_msgs_generate_messages_cpp
[ 23%] Built target sensor_msgs_generate_messages_lisp
[ 23%] Built target actionlib_generate_messages_cpp
[ 23%] Built target sensor_msgs_generate_messages_py
[ 23%] Built target tf2_msgs_generate_messages_py
[ 23%] Built target actionlib_msgs_generate_messages_nodejs
[ 23%] Built target actionlib_msgs_generate_messages_eus
[ 23%] Built target actionlib_generate_messages_lisp
[ 23%] Built target actionlib_msgs_generate_messages_cpp
[ 23%] Built target sensor_msgs_generate_messages_eus
[ 23%] Built target actionlib_generate_messages_nodejs
[ 23%] Built target actionlib_generate_messages_py
[ 29%] Built target robot_pose_ekf_generate_messages_nodejs
[ 41%] Built target gtest
[ 47%] Built target robot_pose_ekf_generate_messages_lisp
[ 52%] Built target robot_pose_ekf_generate_messages_cpp
[ 76%] Built target robot_pose_ekf
[ 76%] Built target robot_pose_ekf_generate_messages
[ 88%] Built target test_robot_pose_ekf
[100%] Built target test_robot_pose_ekf_zero_covariance
