[35m[1mScanning dependencies of target pcl_msgs_generate_messages_lisp[0m
[  0%] Built target pcl_msgs_generate_messages_lisp
[35m[1mScanning dependencies of target dwa_local_planner_gencfg[0m
[ 25%] [34m[1mGenerating dynamic reconfigure files from cfg/DWAPlanner.cfg: /home/sundong/Exploring/localplanning/ros_navigation_stack_vrep_simulation/devel/.private/dwa_local_planner/include/dwa_local_planner/DWAPlannerConfig.h /home/sundong/Exploring/localplanning/ros_navigation_stack_vrep_simulation/devel/.private/dwa_local_planner/lib/python2.7/dist-packages/dwa_local_planner/cfg/DWAPlannerConfig.py[0m
Generating reconfiguration files for DWAPlanner in dwa_local_planner
Wrote header file in /home/sundong/Exploring/localplanning/ros_navigation_stack_vrep_simulation/devel/.private/dwa_local_planner/include/dwa_local_planner/DWAPlannerConfig.h
[ 25%] Built target dwa_local_planner_gencfg
[35m[1mScanning dependencies of target visualization_msgs_generate_messages_nodejs[0m
[35m[1mScanning dependencies of target visualization_msgs_generate_messages_py[0m
[ 25%] Built target visualization_msgs_generate_messages_nodejs
[ 25%] Built target visualization_msgs_generate_messages_py
[35m[1mScanning dependencies of target visualization_msgs_generate_messages_lisp[0m
[ 25%] Built target visualization_msgs_generate_messages_lisp
[35m[1mScanning dependencies of target visualization_msgs_generate_messages_cpp[0m
[ 25%] Built target visualization_msgs_generate_messages_cpp
[35m[1mScanning dependencies of target topic_tools_generate_messages_py[0m
[ 25%] Built target topic_tools_generate_messages_py
[35m[1mScanning dependencies of target topic_tools_generate_messages_lisp[0m
[35m[1mScanning dependencies of target topic_tools_generate_messages_eus[0m
[ 25%] Built target topic_tools_generate_messages_eus
[ 25%] Built target topic_tools_generate_messages_lisp
[35m[1mScanning dependencies of target std_srvs_generate_messages_lisp[0m
[35m[1mScanning dependencies of target std_srvs_generate_messages_nodejs[0m
[ 25%] Built target std_srvs_generate_messages_lisp
[ 25%] Built target std_srvs_generate_messages_nodejs
[35m[1mScanning dependencies of target std_srvs_generate_messages_eus[0m
[35m[1mScanning dependencies of target tf_generate_messages_py[0m
[ 25%] Built target std_srvs_generate_messages_eus
[ 25%] Built target tf_generate_messages_py
[35m[1mScanning dependencies of target map_msgs_generate_messages_lisp[0m
[ 25%] Built target map_msgs_generate_messages_lisp
[35m[1mScanning dependencies of target std_srvs_generate_messages_py[0m
[ 25%] Built target std_srvs_generate_messages_py
[35m[1mScanning dependencies of target tf_generate_messages_nodejs[0m
[ 25%] Built target tf_generate_messages_nodejs
[35m[1mScanning dependencies of target roscpp_generate_messages_py[0m
[ 25%] Built target roscpp_generate_messages_py
[35m[1mScanning dependencies of target std_msgs_generate_messages_nodejs[0m
[ 25%] Built target std_msgs_generate_messages_nodejs
[35m[1mScanning dependencies of target geometry_msgs_generate_messages_cpp[0m
[ 25%] Built target geometry_msgs_generate_messages_cpp
[35m[1mScanning dependencies of target geometry_msgs_generate_messages_py[0m
[35m[1mScanning dependencies of target geometry_msgs_generate_messages_lisp[0m
[ 25%] Built target geometry_msgs_generate_messages_lisp
[ 25%] Built target geometry_msgs_generate_messages_py
[35m[1mScanning dependencies of target bond_generate_messages_py[0m
[35m[1mScanning dependencies of target std_msgs_generate_messages_lisp[0m
[ 25%] Built target bond_generate_messages_py
[ 25%] Built target std_msgs_generate_messages_lisp
[35m[1mScanning dependencies of target tf_generate_messages_lisp[0m
[35m[1mScanning dependencies of target base_local_planner_generate_messages_py[0m
[ 25%] Built target base_local_planner_generate_messages_py
[ 25%] Built target tf_generate_messages_lisp
[35m[1mScanning dependencies of target base_local_planner_generate_messages_lisp[0m
[35m[1mScanning dependencies of target roscpp_generate_messages_cpp[0m
[ 25%] Built target base_local_planner_generate_messages_lisp
[ 25%] Built target roscpp_generate_messages_cpp
[35m[1mScanning dependencies of target nodelet_generate_messages_py[0m
[35m[1mScanning dependencies of target dynamic_reconfigure_gencfg[0m
[ 25%] Built target nodelet_generate_messages_py
[ 25%] Built target dynamic_reconfigure_gencfg
[35m[1mScanning dependencies of target costmap_2d_generate_messages_py[0m
[ 25%] Built target costmap_2d_generate_messages_py
[35m[1mScanning dependencies of target rosgraph_msgs_generate_messages_cpp[0m
[ 25%] Built target rosgraph_msgs_generate_messages_cpp
[35m[1mScanning dependencies of target pcl_msgs_generate_messages_eus[0m
[ 25%] Built target pcl_msgs_generate_messages_eus
[35m[1mScanning dependencies of target sensor_msgs_generate_messages_eus[0m
[35m[1mScanning dependencies of target actionlib_generate_messages_nodejs[0m
[ 25%] Built target sensor_msgs_generate_messages_eus
[ 25%] Built target actionlib_generate_messages_nodejs
[35m[1mScanning dependencies of target actionlib_msgs_generate_messages_cpp[0m
[35m[1mScanning dependencies of target costmap_2d_gencfg[0m
[ 25%] Built target actionlib_msgs_generate_messages_cpp
[ 25%] Built target costmap_2d_gencfg
[35m[1mScanning dependencies of target rosgraph_msgs_generate_messages_lisp[0m
[35m[1mScanning dependencies of target tf_generate_messages_eus[0m
[ 25%] Built target rosgraph_msgs_generate_messages_lisp
[ 25%] Built target tf_generate_messages_eus
[35m[1mScanning dependencies of target pcl_msgs_generate_messages_nodejs[0m
[35m[1mScanning dependencies of target topic_tools_generate_messages_nodejs[0m
[ 25%] Built target pcl_msgs_generate_messages_nodejs
[ 25%] Built target topic_tools_generate_messages_nodejs
[35m[1mScanning dependencies of target costmap_2d_generate_messages_cpp[0m
[35m[1mScanning dependencies of target sensor_msgs_generate_messages_lisp[0m
[ 25%] Built target costmap_2d_generate_messages_cpp
[ 25%] Built target sensor_msgs_generate_messages_lisp
[35m[1mScanning dependencies of target roscpp_generate_messages_lisp[0m
[35m[1mScanning dependencies of target dynamic_reconfigure_generate_messages_lisp[0m
[ 25%] Built target roscpp_generate_messages_lisp
[ 25%] Built target dynamic_reconfigure_generate_messages_lisp
[35m[1mScanning dependencies of target tf_generate_messages_cpp[0m
[35m[1mScanning dependencies of target geometry_msgs_generate_messages_eus[0m
[ 25%] Built target tf_generate_messages_cpp
[ 25%] Built target geometry_msgs_generate_messages_eus
[35m[1mScanning dependencies of target geometry_msgs_generate_messages_nodejs[0m
[35m[1mScanning dependencies of target base_local_planner_generate_messages_eus[0m
[ 25%] Built target geometry_msgs_generate_messages_nodejs
[ 25%] Built target base_local_planner_generate_messages_eus
[35m[1mScanning dependencies of target map_msgs_generate_messages_nodejs[0m
[35m[1mScanning dependencies of target base_local_planner_gencfg[0m
[ 25%] Built target map_msgs_generate_messages_nodejs
[ 25%] Built target base_local_planner_gencfg
[35m[1mScanning dependencies of target costmap_2d_generate_messages_nodejs[0m
[35m[1mScanning dependencies of target roscpp_generate_messages_eus[0m
[ 25%] Built target costmap_2d_generate_messages_nodejs
[ 25%] Built target roscpp_generate_messages_eus
[35m[1mScanning dependencies of target bond_generate_messages_eus[0m
[35m[1mScanning dependencies of target base_local_planner_generate_messages_cpp[0m
[ 25%] Built target bond_generate_messages_eus
[ 25%] Built target base_local_planner_generate_messages_cpp
[35m[1mScanning dependencies of target dynamic_reconfigure_generate_messages_cpp[0m
[35m[1mScanning dependencies of target rosgraph_msgs_generate_messages_eus[0m
[ 25%] Built target dynamic_reconfigure_generate_messages_cpp
[35m[1mScanning dependencies of target std_msgs_generate_messages_py[0m
[ 25%] Built target rosgraph_msgs_generate_messages_eus
[ 25%] Built target std_msgs_generate_messages_py
[35m[1mScanning dependencies of target nav_msgs_generate_messages_py[0m
[35m[1mScanning dependencies of target dynamic_reconfigure_generate_messages_nodejs[0m
[ 25%] Built target nav_msgs_generate_messages_py
[ 25%] Built target dynamic_reconfigure_generate_messages_nodejs
[35m[1mScanning dependencies of target _catkin_empty_exported_target[0m
[35m[1mScanning dependencies of target map_msgs_generate_messages_cpp[0m
[ 25%] Built target _catkin_empty_exported_target
[ 25%] Built target map_msgs_generate_messages_cpp
[35m[1mScanning dependencies of target rosgraph_msgs_generate_messages_nodejs[0m
[35m[1mScanning dependencies of target sensor_msgs_generate_messages_cpp[0m
[ 25%] Built target rosgraph_msgs_generate_messages_nodejs
[ 25%] Built target sensor_msgs_generate_messages_cpp
[35m[1mScanning dependencies of target costmap_2d_generate_messages_lisp[0m
[35m[1mScanning dependencies of target std_msgs_generate_messages_cpp[0m
[ 25%] Built target std_msgs_generate_messages_cpp
[ 25%] Built target costmap_2d_generate_messages_lisp
[35m[1mScanning dependencies of target sensor_msgs_generate_messages_nodejs[0m
[35m[1mScanning dependencies of target roscpp_generate_messages_nodejs[0m
[ 25%] Built target sensor_msgs_generate_messages_nodejs
[35m[1mScanning dependencies of target sensor_msgs_generate_messages_py[0m
[ 25%] Built target roscpp_generate_messages_nodejs
[ 25%] Built target sensor_msgs_generate_messages_py
[35m[1mScanning dependencies of target rosgraph_msgs_generate_messages_py[0m
[35m[1mScanning dependencies of target costmap_2d_generate_messages_eus[0m
[ 25%] Built target rosgraph_msgs_generate_messages_py
[ 25%] Built target costmap_2d_generate_messages_eus
[35m[1mScanning dependencies of target actionlib_generate_messages_cpp[0m
[35m[1mScanning dependencies of target std_msgs_generate_messages_eus[0m
[ 25%] Built target actionlib_generate_messages_cpp
[ 25%] Built target std_msgs_generate_messages_eus
[35m[1mScanning dependencies of target actionlib_generate_messages_eus[0m
[35m[1mScanning dependencies of target actionlib_generate_messages_lisp[0m
[ 25%] Built target actionlib_generate_messages_eus
[ 25%] Built target actionlib_generate_messages_lisp
[35m[1mScanning dependencies of target actionlib_msgs_generate_messages_eus[0m
[35m[1mScanning dependencies of target dynamic_reconfigure_generate_messages_py[0m
[ 25%] Built target actionlib_msgs_generate_messages_eus
[ 25%] Built target dynamic_reconfigure_generate_messages_py
[35m[1mScanning dependencies of target actionlib_generate_messages_py[0m
[35m[1mScanning dependencies of target actionlib_msgs_generate_messages_lisp[0m
[ 25%] Built target actionlib_generate_messages_py
[ 25%] Built target actionlib_msgs_generate_messages_lisp
[35m[1mScanning dependencies of target tf2_msgs_generate_messages_py[0m
[35m[1mScanning dependencies of target actionlib_msgs_generate_messages_nodejs[0m
[ 25%] Built target tf2_msgs_generate_messages_py
[ 25%] Built target actionlib_msgs_generate_messages_nodejs
[35m[1mScanning dependencies of target actionlib_msgs_generate_messages_py[0m
[35m[1mScanning dependencies of target tf2_msgs_generate_messages_cpp[0m
[ 25%] Built target actionlib_msgs_generate_messages_py
[ 25%] Built target tf2_msgs_generate_messages_cpp
[35m[1mScanning dependencies of target pcl_ros_gencfg[0m
[35m[1mScanning dependencies of target nav_msgs_generate_messages_eus[0m
[ 25%] Built target pcl_ros_gencfg
[ 25%] Built target nav_msgs_generate_messages_eus
[35m[1mScanning dependencies of target tf2_msgs_generate_messages_eus[0m
[ 25%] Built target tf2_msgs_generate_messages_eus
[35m[1mScanning dependencies of target map_msgs_generate_messages_py[0m
[ 25%] Built target map_msgs_generate_messages_py
[35m[1mScanning dependencies of target nodelet_generate_messages_cpp[0m
[ 25%] Built target nodelet_generate_messages_cpp
[35m[1mScanning dependencies of target tf2_msgs_generate_messages_nodejs[0m
[35m[1mScanning dependencies of target topic_tools_generate_messages_cpp[0m
[ 25%] Built target tf2_msgs_generate_messages_nodejs
[ 25%] Built target topic_tools_generate_messages_cpp
[35m[1mScanning dependencies of target nodelet_generate_messages_eus[0m
[ 25%] Built target nodelet_generate_messages_eus
[35m[1mScanning dependencies of target visualization_msgs_generate_messages_eus[0m
[35m[1mScanning dependencies of target dynamic_reconfigure_generate_messages_eus[0m
[ 25%] Built target visualization_msgs_generate_messages_eus
[ 25%] Built target dynamic_reconfigure_generate_messages_eus
[35m[1mScanning dependencies of target pcl_msgs_generate_messages_py[0m
[ 25%] Built target pcl_msgs_generate_messages_py
[35m[1mScanning dependencies of target bond_generate_messages_nodejs[0m
[ 25%] Built target bond_generate_messages_nodejs
[35m[1mScanning dependencies of target map_msgs_generate_messages_eus[0m
[35m[1mScanning dependencies of target tf2_msgs_generate_messages_lisp[0m
[ 25%] Built target map_msgs_generate_messages_eus
[ 25%] Built target tf2_msgs_generate_messages_lisp
[35m[1mScanning dependencies of target nav_msgs_generate_messages_cpp[0m
[35m[1mScanning dependencies of target nav_msgs_generate_messages_lisp[0m
[ 25%] Built target nav_msgs_generate_messages_cpp
[ 25%] Built target nav_msgs_generate_messages_lisp
[35m[1mScanning dependencies of target nav_msgs_generate_messages_nodejs[0m
[35m[1mScanning dependencies of target nodelet_generate_messages_lisp[0m
[ 25%] Built target nodelet_generate_messages_lisp
[ 25%] Built target nav_msgs_generate_messages_nodejs
[35m[1mScanning dependencies of target base_local_planner_generate_messages_nodejs[0m
[35m[1mScanning dependencies of target nodelet_generate_messages_nodejs[0m
[ 25%] Built target base_local_planner_generate_messages_nodejs
[ 25%] Built target nodelet_generate_messages_nodejs
[35m[1mScanning dependencies of target bond_generate_messages_cpp[0m
[35m[1mScanning dependencies of target bond_generate_messages_lisp[0m
[ 25%] Built target bond_generate_messages_cpp
[ 25%] Built target bond_generate_messages_lisp
[35m[1mScanning dependencies of target nodelet_topic_tools_gencfg[0m
[35m[1mScanning dependencies of target std_srvs_generate_messages_cpp[0m
[ 25%] Built target nodelet_topic_tools_gencfg
[ 25%] Built target std_srvs_generate_messages_cpp
[35m[1mScanning dependencies of target pcl_msgs_generate_messages_cpp[0m
[ 25%] Built target pcl_msgs_generate_messages_cpp
[35m[1mScanning dependencies of target dwa_local_planner[0m
[ 50%] [32mBuilding CXX object CMakeFiles/dwa_local_planner.dir/src/dwa_planner_ros.cpp.o[0m
[ 75%] [32mBuilding CXX object CMakeFiles/dwa_local_planner.dir/src/dwa_planner.cpp.o[0m
[100%] [32m[1mLinking CXX shared library /home/sundong/Exploring/localplanning/ros_navigation_stack_vrep_simulation/devel/.private/dwa_local_planner/lib/libdwa_local_planner.so[0m
[100%] Built target dwa_local_planner
