[  0%] Built target visualization_msgs_generate_messages_lisp
[  0%] Built target geometry_msgs_generate_messages_nodejs
[ 14%] Built target costmap_2d_gencfg
[ 14%] Built target map_msgs_generate_messages_nodejs
[ 14%] Built target std_msgs_generate_messages_nodejs
[ 14%] Built target visualization_msgs_generate_messages_py
[ 14%] Built target _costmap_2d_generate_messages_check_deps_VoxelGrid
[ 14%] Built target visualization_msgs_generate_messages_nodejs
[ 14%] Built target actionlib_generate_messages_nodejs
[ 14%] Built target sensor_msgs_generate_messages_eus
[ 14%] Built target actionlib_msgs_generate_messages_cpp
[ 14%] Built target actionlib_msgs_generate_messages_eus
[ 14%] Built target sensor_msgs_generate_messages_cpp
[ 14%] Built target rosgraph_msgs_generate_messages_nodejs
[ 14%] Built target actionlib_generate_messages_lisp
[ 14%] Built target map_msgs_generate_messages_lisp
[ 14%] Built target tf_generate_messages_py
[ 14%] Built target roscpp_generate_messages_py
[ 14%] Built target roscpp_generate_messages_eus
[ 14%] Built target bond_generate_messages_eus
[ 14%] Built target dynamic_reconfigure_generate_messages_cpp
[ 14%] Built target map_msgs_generate_messages_eus
[ 14%] Built target geometry_msgs_generate_messages_eus
[ 14%] Built target std_msgs_generate_messages_eus
[ 14%] Built target actionlib_generate_messages_cpp
[ 14%] Built target rosgraph_msgs_generate_messages_py
[ 14%] Built target tf_generate_messages_lisp
[ 14%] Built target rosgraph_msgs_generate_messages_lisp
[ 14%] Built target sensor_msgs_generate_messages_py
[ 14%] Built target roscpp_generate_messages_nodejs
[ 14%] Built target tf_generate_messages_eus
[ 14%] Built target std_srvs_generate_messages_nodejs
[ 14%] Built target pcl_msgs_generate_messages_nodejs
[ 14%] Built target tf_generate_messages_cpp
[ 14%] Built target std_srvs_generate_messages_eus
[ 14%] Built target map_msgs_generate_messages_py
[ 14%] Built target geometry_msgs_generate_messages_py
[ 14%] Built target std_msgs_generate_messages_py
[ 14%] Built target dynamic_reconfigure_gencfg
[ 14%] Built target pcl_msgs_generate_messages_eus
[ 14%] Built target rosgraph_msgs_generate_messages_cpp
[ 14%] Built target geometry_msgs_generate_messages_lisp
[ 14%] Built target std_msgs_generate_messages_lisp
[ 14%] Built target std_msgs_generate_messages_cpp
[ 14%] Built target sensor_msgs_generate_messages_nodejs
[ 14%] Built target geometry_msgs_generate_messages_cpp
[ 14%] Built target dynamic_reconfigure_generate_messages_lisp
[ 14%] Built target roscpp_generate_messages_lisp
[ 14%] Built target tf_generate_messages_nodejs
[ 14%] Built target std_srvs_generate_messages_py
[ 14%] Built target map_msgs_generate_messages_cpp
[ 14%] Built target rosgraph_msgs_generate_messages_eus
[ 14%] Built target dynamic_reconfigure_generate_messages_nodejs
[ 14%] Built target nav_msgs_generate_messages_py
[ 14%] Built target roscpp_generate_messages_cpp
[ 14%] Built target nodelet_generate_messages_py
[ 14%] Built target actionlib_generate_messages_py
[ 14%] Built target std_srvs_generate_messages_lisp
[ 14%] Built target bond_generate_messages_py
[ 14%] Built target actionlib_generate_messages_eus
[ 14%] Built target actionlib_msgs_generate_messages_lisp
[ 14%] Built target actionlib_msgs_generate_messages_nodejs
[ 14%] Built target dynamic_reconfigure_generate_messages_py
[ 14%] Built target tf2_msgs_generate_messages_py
[ 14%] Built target topic_tools_generate_messages_py
[ 14%] Built target actionlib_msgs_generate_messages_py
[ 14%] Built target tf2_msgs_generate_messages_cpp
[ 14%] Built target nodelet_generate_messages_cpp
[ 14%] Built target tf2_msgs_generate_messages_nodejs
[ 14%] Built target tf2_msgs_generate_messages_lisp
[ 14%] Built target nav_msgs_generate_messages_cpp
[ 14%] Built target visualization_msgs_generate_messages_cpp
[ 14%] Built target tf2_msgs_generate_messages_eus
[ 14%] Built target pcl_ros_gencfg
[ 14%] Built target nav_msgs_generate_messages_lisp
[ 14%] Built target nav_msgs_generate_messages_eus
[ 14%] Built target nav_msgs_generate_messages_nodejs
[ 14%] Built target pcl_msgs_generate_messages_lisp
[ 14%] Built target dynamic_reconfigure_generate_messages_eus
[ 14%] Built target visualization_msgs_generate_messages_eus
[ 14%] Built target bond_generate_messages_nodejs
[ 14%] Built target pcl_msgs_generate_messages_py
[ 14%] Built target nodelet_generate_messages_lisp
[ 14%] Built target bond_generate_messages_cpp
[ 14%] Built target nodelet_generate_messages_nodejs
[ 14%] Built target bond_generate_messages_lisp
[ 14%] Built target nodelet_generate_messages_eus
[ 14%] Built target topic_tools_generate_messages_cpp
[ 14%] Built target nodelet_topic_tools_gencfg
[ 14%] Built target topic_tools_generate_messages_eus
[ 14%] Built target pcl_msgs_generate_messages_cpp
[ 17%] Built target costmap_2d_generate_messages_cpp
[ 17%] Built target topic_tools_generate_messages_lisp
[ 17%] Built target std_srvs_generate_messages_cpp
[ 17%] Built target topic_tools_generate_messages_nodejs
[ 17%] Built target sensor_msgs_generate_messages_lisp
[ 25%] Built target costmap_2d_generate_messages_nodejs
[ 25%] Built target costmap_2d_generate_messages_eus
[ 31%] Built target costmap_2d_generate_messages_py
[ 34%] Built target costmap_2d_generate_messages_lisp
[ 34%] Built target costmap_2d_generate_messages
[ 65%] Built target costmap_2d
[ 71%] Built target costmap_2d_cloud
[ 77%] Built target costmap_2d_markers
[ 82%] Built target costmap_2d_node
[100%] Built target layers
