Not searching for unused variables given on the command line.
[36m--[0m The C compiler identification is GNU 5.5.0
[36m--[0m The CXX compiler identification is GNU 5.5.0
[36m--[0m Check for working C compiler: /usr/bin/cc
[36m--[0m Check for working C compiler: /usr/bin/cc -- works
[36m--[0m Detecting C compiler ABI info
[36m--[0m Detecting C compiler ABI info - done
[36m--[0m Detecting C compile features
[36m--[0m Detecting C compile features - done
[36m--[0m Check for working CXX compiler: /usr/bin/c++
[36m--[0m Check for working CXX compiler: /usr/bin/c++ -- works
[36m--[0m Detecting CXX compiler ABI info
[36m--[0m Detecting CXX compiler ABI info - done
[36m--[0m Detecting CXX compile features
[36m--[0m Detecting CXX compile features - done
[36m--[0m Using CATKIN_DEVEL_PREFIX: /home/sundong/Exploring/localplanning/ros_navigation_stack_vrep_simulation/devel/.private/base_local_planner
[36m--[0m Using CMAKE_PREFIX_PATH: /home/sundong/Exploring/localplanning/ros_navigation_stack_vrep_simulation/devel;/home/sundong/catkin_ws/devel;/opt/ros/kinetic
[36m--[0m This workspace overlays: /home/sundong/Exploring/localplanning/ros_navigation_stack_vrep_simulation/devel;/home/sundong/catkin_ws/devel;/opt/ros/kinetic
[36m--[0m Found PythonInterp: /usr/bin/python (found version "2.7.12")
[36m--[0m Using PYTHON_EXECUTABLE: /usr/bin/python
[36m--[0m Using Debian Python package layout
[36m--[0m Using empy: /usr/bin/empy
[36m--[0m Using CATKIN_ENABLE_TESTING: ON
[36m--[0m Call enable_testing()
[36m--[0m Using CATKIN_TEST_RESULTS_DIR: /home/sundong/Exploring/localplanning/ros_navigation_stack_vrep_simulation/build/base_local_planner/test_results
[36m--[0m Found gmock sources under '/usr/src/gmock': gmock will be built
[36m--[0m Looking for pthread.h
[36m--[0m Looking for pthread.h - found
[36m--[0m Looking for pthread_create
[36m--[0m Looking for pthread_create - not found
[36m--[0m Looking for pthread_create in pthreads
[36m--[0m Looking for pthread_create in pthreads - not found
[36m--[0m Looking for pthread_create in pthread
[36m--[0m Looking for pthread_create in pthread - found
[36m--[0m Found Threads: TRUE
[36m--[0m Found gtest sources under '/usr/src/gmock': gtests will be built
[36m--[0m Using Python nosetests: /usr/bin/nosetests-2.7
[36m--[0m catkin 0.7.18
[36m--[0m BUILD_SHARED_LIBS is on
[36m--[0m Using these message generators: gencpp;geneus;genlisp;gennodejs;genpy
[36m--[0m Boost version: 1.58.0
[36m--[0m Found the following Boost libraries:
[36m--[0m   thread
[36m--[0m   chrono
[36m--[0m   system
[36m--[0m   date_time
[36m--[0m   atomic
[36m--[0m Checking for module 'eigen3'
[36m--[0m   Found eigen3, version 3.2.92
[36m--[0m Found eigen: /usr/include/eigen3
[36m--[0m Boost version: 1.58.0
[36m--[0m Found the following Boost libraries:
[36m--[0m   system
[36m--[0m   filesystem
[36m--[0m   thread
[36m--[0m   date_time
[36m--[0m   iostreams
[36m--[0m   serialization
[36m--[0m   chrono
[36m--[0m   atomic
[36m--[0m   regex
[36m--[0m Checking for module 'flann'
[36m--[0m   Found flann, version 1.8.4
[36m--[0m Found Flann: /usr/lib/x86_64-linux-gnu/libflann_cpp_s.a
[36m--[0m Checking for module 'flann'
[36m--[0m   Found flann, version 1.8.4
[36m--[0m Checking for module 'libopenni'
[36m--[0m   Found libopenni, version 1.5.4.0
[36m--[0m Found openni: /usr/lib/libOpenNI.so
[36m--[0m Checking for module 'libopenni2'
[36m--[0m   No package 'libopenni2' found
[36m--[0m Could NOT find OpenNI2 (missing: OPENNI2_LIBRARY OPENNI2_INCLUDE_DIRS)
** WARNING ** io features related to openni2 will be disabled
** WARNING ** io features related to pcap will be disabled
** WARNING ** io features related to png will be disabled
[36m--[0m The imported target "vtkRenderingPythonTkWidgets" references the file
   "/usr/lib/x86_64-linux-gnu/libvtkRenderingPythonTkWidgets.so"
but this file does not exist.  Possible reasons include:
* The file was deleted, renamed, or moved to another location.
* An install or uninstall procedure did not complete successfully.
* The installation package was faulty and contained
   "/usr/lib/cmake/vtk-6.2/VTKTargets.cmake"
but not all the files it references.

[36m--[0m The imported target "vtk" references the file
   "/usr/bin/vtk"
but this file does not exist.  Possible reasons include:
* The file was deleted, renamed, or moved to another location.
* An install or uninstall procedure did not complete successfully.
* The installation package was faulty and contained
   "/usr/lib/cmake/vtk-6.2/VTKTargets.cmake"
but not all the files it references.

[36m--[0m Found libusb-1.0: /usr/include
[36m--[0m Found qhull: /usr/lib/x86_64-linux-gnu/libqhull.so
[36m--[0m Checking for module 'libopenni'
[36m--[0m   Found libopenni, version 1.5.4.0
[36m--[0m Checking for module 'libopenni2'
[36m--[0m   No package 'libopenni2' found
[36m--[0m Could NOT find OpenNI2 (missing: OPENNI2_LIBRARY OPENNI2_INCLUDE_DIRS)
** WARNING ** visualization features related to openni2 will be disabled
[36m--[0m Checking for module 'libopenni'
[36m--[0m   Found libopenni, version 1.5.4.0
[36m--[0m looking for PCL_COMMON
[36m--[0m Found PCL_COMMON: /usr/lib/x86_64-linux-gnu/libpcl_common.so
[36m--[0m looking for PCL_KDTREE
[36m--[0m Found PCL_KDTREE: /usr/lib/x86_64-linux-gnu/libpcl_kdtree.so
[36m--[0m looking for PCL_OCTREE
[36m--[0m Found PCL_OCTREE: /usr/lib/x86_64-linux-gnu/libpcl_octree.so
[36m--[0m looking for PCL_SEARCH
[36m--[0m Found PCL_SEARCH: /usr/lib/x86_64-linux-gnu/libpcl_search.so
[36m--[0m looking for PCL_IO
[36m--[0m Found PCL_IO: /usr/lib/x86_64-linux-gnu/libpcl_io.so
[36m--[0m looking for PCL_SAMPLE_CONSENSUS
[36m--[0m Found PCL_SAMPLE_CONSENSUS: /usr/lib/x86_64-linux-gnu/libpcl_sample_consensus.so
[36m--[0m looking for PCL_FILTERS
[36m--[0m Found PCL_FILTERS: /usr/lib/x86_64-linux-gnu/libpcl_filters.so
[36m--[0m looking for PCL_GEOMETRY
[36m--[0m Found PCL_GEOMETRY: /usr/include/pcl-1.7
[36m--[0m looking for PCL_FEATURES
[36m--[0m Found PCL_FEATURES: /usr/lib/x86_64-linux-gnu/libpcl_features.so
[36m--[0m looking for PCL_SEGMENTATION
[36m--[0m Found PCL_SEGMENTATION: /usr/lib/x86_64-linux-gnu/libpcl_segmentation.so
[36m--[0m looking for PCL_SURFACE
[36m--[0m Found PCL_SURFACE: /usr/lib/x86_64-linux-gnu/libpcl_surface.so
[36m--[0m looking for PCL_REGISTRATION
[36m--[0m Found PCL_REGISTRATION: /usr/lib/x86_64-linux-gnu/libpcl_registration.so
[36m--[0m looking for PCL_RECOGNITION
[36m--[0m Found PCL_RECOGNITION: /usr/lib/x86_64-linux-gnu/libpcl_recognition.so
[36m--[0m looking for PCL_KEYPOINTS
[36m--[0m Found PCL_KEYPOINTS: /usr/lib/x86_64-linux-gnu/libpcl_keypoints.so
[36m--[0m looking for PCL_VISUALIZATION
[36m--[0m Found PCL_VISUALIZATION: /usr/lib/x86_64-linux-gnu/libpcl_visualization.so
[36m--[0m looking for PCL_PEOPLE
[36m--[0m Found PCL_PEOPLE: /usr/lib/x86_64-linux-gnu/libpcl_people.so
[36m--[0m looking for PCL_OUTOFCORE
[36m--[0m Found PCL_OUTOFCORE: /usr/lib/x86_64-linux-gnu/libpcl_outofcore.so
[36m--[0m looking for PCL_TRACKING
[36m--[0m Found PCL_TRACKING: /usr/lib/x86_64-linux-gnu/libpcl_tracking.so
[36m--[0m looking for PCL_APPS
[36m--[0m Could NOT find PCL_APPS (missing: PCL_APPS_LIBRARY)
[36m--[0m looking for PCL_MODELER
[36m--[0m Found PCL_MODELER: /usr/include/pcl-1.7
[36m--[0m looking for PCL_IN_HAND_SCANNER
[36m--[0m Found PCL_IN_HAND_SCANNER: /usr/include/pcl-1.7
[36m--[0m looking for PCL_POINT_CLOUD_EDITOR
[36m--[0m Found PCL_POINT_CLOUD_EDITOR: /usr/include/pcl-1.7
[36m--[0m Found PCL: /usr/lib/x86_64-linux-gnu/libboost_system.so;/usr/lib/x86_64-linux-gnu/libboost_filesystem.so;/usr/lib/x86_64-linux-gnu/libboost_thread.so;/usr/lib/x86_64-linux-gnu/libboost_date_time.so;/usr/lib/x86_64-linux-gnu/libboost_iostreams.so;/usr/lib/x86_64-linux-gnu/libboost_serialization.so;/usr/lib/x86_64-linux-gnu/libboost_chrono.so;/usr/lib/x86_64-linux-gnu/libboost_atomic.so;/usr/lib/x86_64-linux-gnu/libboost_regex.so;optimized;/usr/lib/x86_64-linux-gnu/libpcl_common.so;debug;/usr/lib/x86_64-linux-gnu/libpcl_common.so;optimized;/usr/lib/x86_64-linux-gnu/libflann_cpp_s.a;debug;/usr/lib/x86_64-linux-gnu/libflann_cpp_s.a;optimized;/usr/lib/x86_64-linux-gnu/libpcl_kdtree.so;debug;/usr/lib/x86_64-linux-gnu/libpcl_kdtree.so;optimized;/usr/lib/x86_64-linux-gnu/libpcl_octree.so;debug;/usr/lib/x86_64-linux-gnu/libpcl_octree.so;optimized;/usr/lib/x86_64-linux-gnu/libpcl_search.so;debug;/usr/lib/x86_64-linux-gnu/libpcl_search.so;/usr/lib/libOpenNI.so;vtkImagingStencil;vtkCommonComputationalGeometry;vtkCommonDataModel;vtkCommonMath;vtkCommonCore;vtksys;vtkCommonMisc;vtkCommonSystem;vtkCommonTransforms;vtkImagingCore;vtkCommonExecutionModel;vtkFiltersAMR;vtkFiltersGeneral;vtkFiltersCore;vtkParallelCore;vtkIOLegacy;vtkIOCore;/usr/lib/x86_64-linux-gnu/libz.so;vtkInteractionWidgets;vtkFiltersHybrid;vtkImagingSources;vtkRenderingCore;vtkCommonColor;vtkFiltersExtraction;vtkFiltersStatistics;vtkImagingFourier;vtkalglib;vtkFiltersGeometry;vtkFiltersSources;vtkFiltersModeling;vtkImagingGeneral;vtkImagingHybrid;vtkIOImage;vtkDICOMParser;vtkmetaio;/usr/lib/x86_64-linux-gnu/libjpeg.so;/usr/lib/x86_64-linux-gnu/libpng.so;/usr/lib/x86_64-linux-gnu/libtiff.so;vtkInteractionStyle;vtkRenderingAnnotation;vtkImagingColor;vtkRenderingFreeType;/usr/lib/x86_64-linux-gnu/libfreetype.so;vtkftgl;vtkRenderingVolume;vtkIOParallelNetCDF;vtkParallelMPI;/usr/lib/x86_64-linux-gnu/libnetcdf_c++.so;/usr/lib/x86_64-linux-gnu/libnetcdf.so;/usr/lib/x86_64-linux-gnu/hdf5/serial/lib/libhdf5.so;/usr/lib/x86_64-linux-gnu/libpthread.so;/usr/lib/x86_64-linux-gnu/libsz.so;/usr/lib/x86_64-linux-gnu/libdl.so;/usr/lib/x86_64-linux-gnu/libm.so;/usr/lib/x86_64-linux-gnu/hdf5/serial/lib/libhdf5_hl.so;vtkRenderingOpenGL;vtkIOLSDyna;vtkIOXML;vtkIOGeometry;/usr/lib/x86_64-linux-gnu/libjsoncpp.so;vtkIOXMLParser;/usr/lib/x86_64-linux-gnu/libexpat.so;vtkLocalExample;vtkInfovisCore;vtkGeovisCore;vtkInfovisLayout;vtkViewsCore;vtkproj4;/usr/lib/x86_64-linux-gnu/libpython2.7.so;vtkTestingGenericBridge;/usr/lib/libgl2ps.so;verdict;vtkIOMovie;/usr/lib/x86_64-linux-gnu/libtheoraenc.so;/usr/lib/x86_64-linux-gnu/libtheoradec.so;/usr/lib/x86_64-linux-gnu/libogg.so;vtkFiltersImaging;vtkIOMINC;vtkRenderingLOD;vtkViewsQt;vtkGUISupportQt;vtkViewsInfovis;vtkChartsCore;vtkRenderingContext2D;vtkRenderingLabel;vtkRenderingImage;vtkFiltersFlowPaths;vtkxdmf2;/usr/lib/x86_64-linux-gnu/libxml2.so;vtkFiltersReebGraph;vtkViewsContext2D;vtkIOXdmf2;vtkIOAMR;vtkRenderingContextOpenGL;vtkImagingStatistics;vtkIOParallel;vtkFiltersParallel;vtkIONetCDF;vtkexoIIc;vtkGUISupportQtOpenGL;vtkIOParallelLSDyna;vtkFiltersParallelGeometry;vtkGUISupportQtWebkit;vtkIOPLY;vtkWrappingTools;vtkFiltersHyperTree;vtkRenderingVolumeOpenGL;vtkIOExodus;vtkIOPostgreSQL;vtkIOSQL;sqlite3;vtkWrappingJava;vtkFiltersParallelFlowPaths;vtkFiltersParallelStatistics;vtkFiltersProgrammable;vtkFiltersParallelImaging;vtkRenderingParallelLIC;vtkRenderingLIC;vtkInteractionImage;vtkFiltersPython;vtkWrappingPythonCore;vtkIOParallelExodus;vtkFiltersGeneric;vtkIOVideo;vtkRenderingQt;vtkFiltersTexture;vtkIOInfovis;vtkGUISupportQtSQL;vtkRenderingFreeTypeOpenGL;vtkInfovisBoostGraphAlgorithms;vtkRenderingGL2PS;vtkIOGeoJSON;vtkFiltersVerdict;vtkViewsGeovis;vtkIOImport;vtkTestingIOSQL;vtkPythonInterpreter;vtkIOODBC;vtkIOEnSight;vtkIOMySQL;vtkRenderingMatplotlib;vtkDomainsChemistry;vtkIOExport;vtkFiltersParallelMPI;vtkIOParallelXML;vtkTestingRendering;vtkIOMPIParallel;vtkParallelMPI4Py;vtkFiltersSMP;vtkFiltersSelection;vtkIOVPIC;VPIC;vtkImagingMath;vtkImagingMorphological;vtkRenderingParallel;vtkRenderingFreeTypeFontConfig;vtkIOFFMPEG;vtkIOMPIImage;vtkIOGDAL;optimized;/usr/lib/x86_64-linux-gnu/libpcl_io.so;debug;/usr/lib/x86_64-linux-gnu/libpcl_io.so;optimized;/usr/lib/x86_64-linux-gnu/libpcl_sample_consensus.so;debug;/usr/lib/x86_64-linux-gnu/libpcl_sample_consensus.so;optimized;/usr/lib/x86_64-linux-gnu/libpcl_filters.so;debug;/usr/lib/x86_64-linux-gnu/libpcl_filters.so;optimized;/usr/lib/x86_64-linux-gnu/libpcl_features.so;debug;/usr/lib/x86_64-linux-gnu/libpcl_features.so;optimized;/usr/lib/x86_64-linux-gnu/libpcl_segmentation.so;debug;/usr/lib/x86_64-linux-gnu/libpcl_segmentation.so;optimized;/usr/lib/x86_64-linux-gnu/libqhull.so;debug;/usr/lib/x86_64-linux-gnu/libqhull.so;optimized;/usr/lib/x86_64-linux-gnu/libpcl_surface.so;debug;/usr/lib/x86_64-linux-gnu/libpcl_surface.so;optimized;/usr/lib/x86_64-linux-gnu/libpcl_registration.so;debug;/usr/lib/x86_64-linux-gnu/libpcl_registration.so;optimized;/usr/lib/x86_64-linux-gnu/libpcl_recognition.so;debug;/usr/lib/x86_64-linux-gnu/libpcl_recognition.so;optimized;/usr/lib/x86_64-linux-gnu/libpcl_keypoints.so;debug;/usr/lib/x86_64-linux-gnu/libpcl_keypoints.so;optimized;/usr/lib/x86_64-linux-gnu/libpcl_visualization.so;debug;/usr/lib/x86_64-linux-gnu/libpcl_visualization.so;optimized;/usr/lib/x86_64-linux-gnu/libpcl_people.so;debug;/usr/lib/x86_64-linux-gnu/libpcl_people.so;optimized;/usr/lib/x86_64-linux-gnu/libpcl_outofcore.so;debug;/usr/lib/x86_64-linux-gnu/libpcl_outofcore.so;optimized;/usr/lib/x86_64-linux-gnu/libpcl_tracking.so;debug;/usr/lib/x86_64-linux-gnu/libpcl_tracking.so;/usr/lib/x86_64-linux-gnu/libboost_system.so;/usr/lib/x86_64-linux-gnu/libboost_filesystem.so;/usr/lib/x86_64-linux-gnu/libboost_thread.so;/usr/lib/x86_64-linux-gnu/libboost_date_time.so;/usr/lib/x86_64-linux-gnu/libboost_iostreams.so;/usr/lib/x86_64-linux-gnu/libboost_serialization.so;/usr/lib/x86_64-linux-gnu/libboost_chrono.so;/usr/lib/x86_64-linux-gnu/libboost_atomic.so;/usr/lib/x86_64-linux-gnu/libboost_regex.so;optimized;/usr/lib/x86_64-linux-gnu/libqhull.so;debug;/usr/lib/x86_64-linux-gnu/libqhull.so;/usr/lib/libOpenNI.so;optimized;/usr/lib/x86_64-linux-gnu/libflann_cpp_s.a;debug;/usr/lib/x86_64-linux-gnu/libflann_cpp_s.a;vtkImagingStencil;vtkCommonComputationalGeometry;vtkCommonDataModel;vtkCommonMath;vtkCommonCore;vtksys;vtkCommonMisc;vtkCommonSystem;vtkCommonTransforms;vtkImagingCore;vtkCommonExecutionModel;vtkFiltersAMR;vtkFiltersGeneral;vtkFiltersCore;vtkParallelCore;vtkIOLegacy;vtkIOCore;/usr/lib/x86_64-linux-gnu/libz.so;vtkInteractionWidgets;vtkFiltersHybrid;vtkImagingSources;vtkRenderingCore;vtkCommonColor;vtkFiltersExtraction;vtkFiltersStatistics;vtkImagingFourier;vtkalglib;vtkFiltersGeometry;vtkFiltersSources;vtkFiltersModeling;vtkImagingGeneral;vtkImagingHybrid;vtkIOImage;vtkDICOMParser;vtkmetaio;/usr/lib/x86_64-linux-gnu/libjpeg.so;/usr/lib/x86_64-linux-gnu/libpng.so;/usr/lib/x86_64-linux-gnu/libtiff.so;vtkInteractionStyle;vtkRenderingAnnotation;vtkImagingColor;vtkRenderingFreeType;/usr/lib/x86_64-linux-gnu/libfreetype.so;vtkftgl;vtkRenderingVolume;vtkIOParallelNetCDF;vtkParallelMPI;/usr/lib/x86_64-linux-gnu/libnetcdf_c++.so;/usr/lib/x86_64-linux-gnu/libnetcdf.so;/usr/lib/x86_64-linux-gnu/hdf5/serial/lib/libhdf5.so;/usr/lib/x86_64-linux-gnu/libpthread.so;/usr/lib/x86_64-linux-gnu/libsz.so;/usr/lib/x86_64-linux-gnu/libdl.so;/usr/lib/x86_64-linux-gnu/libm.so;/usr/lib/x86_64-linux-gnu/hdf5/serial/lib/libhdf5_hl.so;vtkRenderingOpenGL;vtkIOLSDyna;vtkIOXML;vtkIOGeometry;/usr/lib/x86_64-linux-gnu/libjsoncpp.so;vtkIOXMLParser;/usr/lib/x86_64-linux-gnu/libexpat.so;vtkLocalExample;vtkInfovisCore;vtkGeovisCore;vtkInfovisLayout;vtkViewsCore;vtkproj4;/usr/lib/x86_64-linux-gnu/libpython2.7.so;vtkTestingGenericBridge;/usr/lib/libgl2ps.so;verdict;vtkIOMovie;/usr/lib/x86_64-linux-gnu/libtheoraenc.so;/usr/lib/x86_64-linux-gnu/libtheoradec.so;/usr/lib/x86_64-linux-gnu/libogg.so;vtkFiltersImaging;vtkIOMINC;vtkRenderingLOD;vtkViewsQt;vtkGUISupportQt;vtkViewsInfovis;vtkChartsCore;vtkRenderingContext2D;vtkRenderingLabel;vtkRenderingImage;vtkFiltersFlowPaths;vtkxdmf2;/usr/lib/x86_64-linux-gnu/libxml2.so;vtkFiltersReebGraph;vtkViewsContext2D;vtkIOXdmf2;vtkIOAMR;vtkRenderingContextOpenGL;vtkImagingStatistics;vtkIOParallel;vtkFiltersParallel;vtkIONetCDF;vtkexoIIc;vtkGUISupportQtOpenGL;vtkIOParallelLSDyna;vtkFiltersParallelGeometry;vtkGUISupportQtWebkit;vtkIOPLY;vtkWrappingTools;vtkFiltersHyperTree;vtkRenderingVolumeOpenGL;vtkIOExodus;vtkIOPostgreSQL;vtkIOSQL;sqlite3;vtkWrappingJava;vtkFiltersParallelFlowPaths;vtkFiltersParallelStatistics;vtkFiltersProgrammable;vtkFiltersParallelImaging;vtkRenderingParallelLIC;vtkRenderingLIC;vtkInteractionImage;vtkFiltersPython;vtkWrappingPythonCore;vtkIOParallelExodus;vtkFiltersGeneric;vtkIOVideo;vtkRenderingQt;vtkFiltersTexture;vtkIOInfovis;vtkGUISupportQtSQL;vtkRenderingFreeTypeOpenGL;vtkInfovisBoostGraphAlgorithms;vtkRenderingGL2PS;vtkIOGeoJSON;vtkFiltersVerdict;vtkViewsGeovis;vtkIOImport;vtkTestingIOSQL;vtkPythonInterpreter;vtkIOODBC;vtkIOEnSight;vtkIOMySQL;vtkRenderingMatplotlib;vtkDomainsChemistry;vtkIOExport;vtkFiltersParallelMPI;vtkIOParallelXML;vtkTestingRendering;vtkIOMPIParallel;vtkParallelMPI4Py;vtkFiltersSMP;vtkFiltersSelection;vtkIOVPIC;VPIC;vtkImagingMath;vtkImagingMorphological;vtkRenderingParallel;vtkRenderingFreeTypeFontConfig;vtkIOFFMPEG;vtkIOMPIImage;vtkIOGDAL
[36m--[0m base_local_planner: 1 messages, 0 services
[36m--[0m Configuring done
[36m--[0m Generating done
[36m--[0m Build files have been written to: /home/sundong/Exploring/localplanning/ros_navigation_stack_vrep_simulation/build/base_local_planner
