[  0%] Built target pcl_msgs_generate_messages_py
[  0%] Built target nav_msgs_generate_messages_cpp
[  3%] Built target base_local_planner_gencfg
[  3%] Built target std_msgs_generate_messages_cpp
[  3%] Built target _base_local_planner_generate_messages_check_deps_Position2DInt
[  3%] Built target std_msgs_generate_messages_py
[  3%] Built target std_msgs_generate_messages_lisp
[  3%] Built target std_msgs_generate_messages_eus
[  3%] Built target visualization_msgs_generate_messages_py
[  3%] Built target visualization_msgs_generate_messages_nodejs
[  3%] Built target visualization_msgs_generate_messages_lisp
[  3%] Built target visualization_msgs_generate_messages_cpp
[  3%] Built target topic_tools_generate_messages_py
[  3%] Built target topic_tools_generate_messages_lisp
[  3%] Built target topic_tools_generate_messages_eus
[  3%] Built target sensor_msgs_generate_messages_eus
[  3%] Built target actionlib_generate_messages_nodejs
[  3%] Built target actionlib_msgs_generate_messages_cpp
[  3%] Built target sensor_msgs_generate_messages_cpp
[  3%] Built target rosgraph_msgs_generate_messages_nodejs
[  3%] Built target tf_generate_messages_py
[  3%] Built target map_msgs_generate_messages_lisp
[  3%] Built target roscpp_generate_messages_py
[  3%] Built target std_msgs_generate_messages_nodejs
[  3%] Built target geometry_msgs_generate_messages_cpp
[  3%] Built target costmap_2d_generate_messages_nodejs
[  3%] Built target topic_tools_generate_messages_nodejs
[  3%] Built target sensor_msgs_generate_messages_lisp
[  3%] Built target costmap_2d_generate_messages_cpp
[  3%] Built target tf_generate_messages_lisp
[  3%] Built target rosgraph_msgs_generate_messages_lisp
[  3%] Built target costmap_2d_gencfg
[  3%] Built target tf_generate_messages_eus
[  3%] Built target pcl_msgs_generate_messages_nodejs
[  3%] Built target std_srvs_generate_messages_nodejs
[  3%] Built target roscpp_generate_messages_cpp
[  3%] Built target nodelet_generate_messages_py
[  3%] Built target roscpp_generate_messages_lisp
[  3%] Built target tf_generate_messages_nodejs
[  3%] Built target std_srvs_generate_messages_py
[  3%] Built target dynamic_reconfigure_generate_messages_lisp
[  3%] Built target geometry_msgs_generate_messages_py
[  3%] Built target geometry_msgs_generate_messages_lisp
[  3%] Built target bond_generate_messages_py
[  3%] Built target std_srvs_generate_messages_lisp
[  3%] Built target tf_generate_messages_cpp
[  3%] Built target std_srvs_generate_messages_eus
[  3%] Built target geometry_msgs_generate_messages_eus
[  3%] Built target geometry_msgs_generate_messages_nodejs
[  3%] Built target roscpp_generate_messages_eus
[  3%] Built target bond_generate_messages_eus
[  3%] Built target dynamic_reconfigure_generate_messages_cpp
[  3%] Built target sensor_msgs_generate_messages_nodejs
[  3%] Built target costmap_2d_generate_messages_lisp
[  3%] Built target costmap_2d_generate_messages_py
[  3%] Built target dynamic_reconfigure_gencfg
[  3%] Built target map_msgs_generate_messages_nodejs
[  3%] Built target rosgraph_msgs_generate_messages_cpp
[  3%] Built target pcl_msgs_generate_messages_eus
[  3%] Built target dynamic_reconfigure_generate_messages_nodejs
[  3%] Built target _catkin_empty_exported_target
[  3%] Built target map_msgs_generate_messages_cpp
[  3%] Built target rosgraph_msgs_generate_messages_eus
[  3%] Built target nav_msgs_generate_messages_py
[  3%] Built target roscpp_generate_messages_nodejs
[  3%] Built target sensor_msgs_generate_messages_py
[  3%] Built target costmap_2d_generate_messages_eus
[  3%] Built target rosgraph_msgs_generate_messages_py
[  3%] Built target actionlib_generate_messages_cpp
[  3%] Built target actionlib_generate_messages_eus
[  3%] Built target actionlib_generate_messages_lisp
[  3%] Built target actionlib_msgs_generate_messages_eus
[  3%] Built target dynamic_reconfigure_generate_messages_py
[  3%] Built target actionlib_generate_messages_py
[  3%] Built target actionlib_msgs_generate_messages_lisp
[  3%] Built target actionlib_msgs_generate_messages_nodejs
[  3%] Built target tf2_msgs_generate_messages_py
[  3%] Built target actionlib_msgs_generate_messages_py
[  3%] Built target tf2_msgs_generate_messages_cpp
[  3%] Built target map_msgs_generate_messages_py
[  3%] Built target nodelet_generate_messages_cpp
[  3%] Built target tf2_msgs_generate_messages_nodejs
[  3%] Built target map_msgs_generate_messages_eus
[  3%] Built target tf2_msgs_generate_messages_lisp
[  3%] Built target pcl_ros_gencfg
[  3%] Built target tf2_msgs_generate_messages_eus
[  3%] Built target nav_msgs_generate_messages_eus
[  3%] Built target nav_msgs_generate_messages_lisp
[  3%] Built target nav_msgs_generate_messages_nodejs
[  3%] Built target nodelet_generate_messages_lisp
[  3%] Built target nodelet_generate_messages_nodejs
[  6%] Built target base_local_planner_generate_messages_nodejs
[  6%] Built target bond_generate_messages_cpp
[  6%] Built target bond_generate_messages_lisp
[  6%] Built target nodelet_generate_messages_eus
[  6%] Built target topic_tools_generate_messages_cpp
[  6%] Built target nodelet_topic_tools_gencfg
[  6%] Built target std_srvs_generate_messages_cpp
[  6%] Built target pcl_msgs_generate_messages_cpp
[  6%] Built target pcl_msgs_generate_messages_lisp
[  6%] Built target visualization_msgs_generate_messages_eus
[  6%] Built target dynamic_reconfigure_generate_messages_eus
[  6%] Built target bond_generate_messages_nodejs
[  9%] Built target base_local_planner_generate_messages_cpp
[ 15%] Built target base_local_planner_generate_messages_py
[ 18%] Built target base_local_planner_generate_messages_lisp
[ 24%] Built target base_local_planner_generate_messages_eus
[ 84%] Built target base_local_planner
[ 84%] Built target base_local_planner_generate_messages
[ 90%] Built target point_grid
[100%] Built target trajectory_planner_ros
